[0.016s] Invoking command in '/home/gdaniel/husky_ws/build/husky_viz': CMAKE_PREFIX_PATH=/home/gdaniel/husky_ws/install/husky_description:/home/gdaniel/mestrado_ws/install:/home/gdaniel/mestrado_ws/install/husky_desktop:/home/gdaniel/mestrado_ws/install/husky_viz:/home/gdaniel/mestrado_ws/install/husky_simulator:/home/gdaniel/mestrado_ws/install/husky_robot:/home/gdaniel/mestrado_ws/install/husky_bringup:/home/gdaniel/mestrado_ws/install/husky_base:/home/gdaniel/mestrado_ws/install/husky_msgs:/home/gdaniel/mestrado_ws/install/husky_gazebo:/home/gdaniel/mestrado_ws/install/husky_control:/home/gdaniel/mestrado_ws/install/husky_description:/home/gdaniel/husky_ws/install/husky_desktop:/home/gdaniel/husky_ws/install/husky_viz:/home/gdaniel/husky_ws/install/husky_simulator:/home/gdaniel/husky_ws/install/husky_robot:/home/gdaniel/husky_ws/install/husky_bringup:/home/gdaniel/husky_ws/install/husky_base:/home/gdaniel/husky_ws/install/husky_msgs:/home/gdaniel/husky_ws/install/husky_gazebo:/home/gdaniel/husky_ws/install/husky_control:/opt/ros/foxy /usr/bin/cmake /home/gdaniel/husky_ws/src/husky/husky_viz -DCMAKE_INSTALL_PREFIX=/home/gdaniel/husky_ws/install/husky_viz
[0.072s] -- The C compiler identification is GNU 9.4.0
[0.140s] -- The CXX compiler identification is GNU 9.4.0
[0.161s] -- Check for working C compiler: /usr/bin/cc
[0.218s] -- Check for working C compiler: /usr/bin/cc -- works
[0.218s] -- Detecting C compiler ABI info
[0.275s] -- Detecting C compiler ABI info - done
[0.282s] -- Detecting C compile features
[0.282s] -- Detecting C compile features - done
[0.283s] -- Check for working CXX compiler: /usr/bin/c++
[0.348s] -- Check for working CXX compiler: /usr/bin/c++ -- works
[0.349s] -- Detecting CXX compiler ABI info
[0.412s] -- Detecting CXX compiler ABI info - done
[0.419s] -- Detecting CXX compile features
[0.419s] -- Detecting CXX compile features - done
[0.421s] -- Found ament_cmake: 0.9.12 (/opt/ros/foxy/share/ament_cmake/cmake)
[0.438s] -- Found PythonInterp: /usr/bin/python3 (found suitable version "3.8.10", minimum required is "3") 
[0.438s] -- Using PYTHON_EXECUTABLE: /usr/bin/python3
[0.598s] -- Configuring done
[0.600s] -- Generating done
[0.601s] -- Build files have been written to: /home/gdaniel/husky_ws/build/husky_viz
[0.604s] Invoked command in '/home/gdaniel/husky_ws/build/husky_viz' returned '0': CMAKE_PREFIX_PATH=/home/gdaniel/husky_ws/install/husky_description:/home/gdaniel/mestrado_ws/install:/home/gdaniel/mestrado_ws/install/husky_desktop:/home/gdaniel/mestrado_ws/install/husky_viz:/home/gdaniel/mestrado_ws/install/husky_simulator:/home/gdaniel/mestrado_ws/install/husky_robot:/home/gdaniel/mestrado_ws/install/husky_bringup:/home/gdaniel/mestrado_ws/install/husky_base:/home/gdaniel/mestrado_ws/install/husky_msgs:/home/gdaniel/mestrado_ws/install/husky_gazebo:/home/gdaniel/mestrado_ws/install/husky_control:/home/gdaniel/mestrado_ws/install/husky_description:/home/gdaniel/husky_ws/install/husky_desktop:/home/gdaniel/husky_ws/install/husky_viz:/home/gdaniel/husky_ws/install/husky_simulator:/home/gdaniel/husky_ws/install/husky_robot:/home/gdaniel/husky_ws/install/husky_bringup:/home/gdaniel/husky_ws/install/husky_base:/home/gdaniel/husky_ws/install/husky_msgs:/home/gdaniel/husky_ws/install/husky_gazebo:/home/gdaniel/husky_ws/install/husky_control:/opt/ros/foxy /usr/bin/cmake /home/gdaniel/husky_ws/src/husky/husky_viz -DCMAKE_INSTALL_PREFIX=/home/gdaniel/husky_ws/install/husky_viz
[0.606s] Invoking command in '/home/gdaniel/husky_ws/build/husky_viz': CMAKE_PREFIX_PATH=/home/gdaniel/husky_ws/install/husky_description:/home/gdaniel/mestrado_ws/install:/home/gdaniel/mestrado_ws/install/husky_desktop:/home/gdaniel/mestrado_ws/install/husky_viz:/home/gdaniel/mestrado_ws/install/husky_simulator:/home/gdaniel/mestrado_ws/install/husky_robot:/home/gdaniel/mestrado_ws/install/husky_bringup:/home/gdaniel/mestrado_ws/install/husky_base:/home/gdaniel/mestrado_ws/install/husky_msgs:/home/gdaniel/mestrado_ws/install/husky_gazebo:/home/gdaniel/mestrado_ws/install/husky_control:/home/gdaniel/mestrado_ws/install/husky_description:/home/gdaniel/husky_ws/install/husky_desktop:/home/gdaniel/husky_ws/install/husky_viz:/home/gdaniel/husky_ws/install/husky_simulator:/home/gdaniel/husky_ws/install/husky_robot:/home/gdaniel/husky_ws/install/husky_bringup:/home/gdaniel/husky_ws/install/husky_base:/home/gdaniel/husky_ws/install/husky_msgs:/home/gdaniel/husky_ws/install/husky_gazebo:/home/gdaniel/husky_ws/install/husky_control:/opt/ros/foxy /usr/bin/cmake --build /home/gdaniel/husky_ws/build/husky_viz -- -j16 -l16
[0.637s] Invoked command in '/home/gdaniel/husky_ws/build/husky_viz' returned '0': CMAKE_PREFIX_PATH=/home/gdaniel/husky_ws/install/husky_description:/home/gdaniel/mestrado_ws/install:/home/gdaniel/mestrado_ws/install/husky_desktop:/home/gdaniel/mestrado_ws/install/husky_viz:/home/gdaniel/mestrado_ws/install/husky_simulator:/home/gdaniel/mestrado_ws/install/husky_robot:/home/gdaniel/mestrado_ws/install/husky_bringup:/home/gdaniel/mestrado_ws/install/husky_base:/home/gdaniel/mestrado_ws/install/husky_msgs:/home/gdaniel/mestrado_ws/install/husky_gazebo:/home/gdaniel/mestrado_ws/install/husky_control:/home/gdaniel/mestrado_ws/install/husky_description:/home/gdaniel/husky_ws/install/husky_desktop:/home/gdaniel/husky_ws/install/husky_viz:/home/gdaniel/husky_ws/install/husky_simulator:/home/gdaniel/husky_ws/install/husky_robot:/home/gdaniel/husky_ws/install/husky_bringup:/home/gdaniel/husky_ws/install/husky_base:/home/gdaniel/husky_ws/install/husky_msgs:/home/gdaniel/husky_ws/install/husky_gazebo:/home/gdaniel/husky_ws/install/husky_control:/opt/ros/foxy /usr/bin/cmake --build /home/gdaniel/husky_ws/build/husky_viz -- -j16 -l16
[0.652s] Invoking command in '/home/gdaniel/husky_ws/build/husky_viz': CMAKE_PREFIX_PATH=/home/gdaniel/husky_ws/install/husky_description:/home/gdaniel/mestrado_ws/install:/home/gdaniel/mestrado_ws/install/husky_desktop:/home/gdaniel/mestrado_ws/install/husky_viz:/home/gdaniel/mestrado_ws/install/husky_simulator:/home/gdaniel/mestrado_ws/install/husky_robot:/home/gdaniel/mestrado_ws/install/husky_bringup:/home/gdaniel/mestrado_ws/install/husky_base:/home/gdaniel/mestrado_ws/install/husky_msgs:/home/gdaniel/mestrado_ws/install/husky_gazebo:/home/gdaniel/mestrado_ws/install/husky_control:/home/gdaniel/mestrado_ws/install/husky_description:/home/gdaniel/husky_ws/install/husky_desktop:/home/gdaniel/husky_ws/install/husky_viz:/home/gdaniel/husky_ws/install/husky_simulator:/home/gdaniel/husky_ws/install/husky_robot:/home/gdaniel/husky_ws/install/husky_bringup:/home/gdaniel/husky_ws/install/husky_base:/home/gdaniel/husky_ws/install/husky_msgs:/home/gdaniel/husky_ws/install/husky_gazebo:/home/gdaniel/husky_ws/install/husky_control:/opt/ros/foxy /usr/bin/cmake --install /home/gdaniel/husky_ws/build/husky_viz
[0.657s] -- Install configuration: ""
[0.657s] -- Installing: /home/gdaniel/husky_ws/install/husky_viz/share/husky_viz/launch
[0.658s] -- Installing: /home/gdaniel/husky_ws/install/husky_viz/share/husky_viz/launch/view_model.launch.py
[0.658s] -- Installing: /home/gdaniel/husky_ws/install/husky_viz/share/husky_viz/launch/view_robot.launch.py
[0.658s] -- Installing: /home/gdaniel/husky_ws/install/husky_viz/share/husky_viz/launch/view_model.launch
[0.658s] -- Installing: /home/gdaniel/husky_ws/install/husky_viz/share/husky_viz/launch/view_robot.launch
[0.658s] -- Installing: /home/gdaniel/husky_ws/install/husky_viz/share/husky_viz/rviz
[0.659s] -- Installing: /home/gdaniel/husky_ws/install/husky_viz/share/husky_viz/rviz/test.rviz
[0.659s] -- Installing: /home/gdaniel/husky_ws/install/husky_viz/share/husky_viz/rviz/robot.rviz
[0.660s] -- Installing: /home/gdaniel/husky_ws/install/husky_viz/share/husky_viz/rviz/model.rviz
[0.660s] -- Installing: /home/gdaniel/husky_ws/install/husky_viz/share/ament_index/resource_index/package_run_dependencies/husky_viz
[0.660s] -- Installing: /home/gdaniel/husky_ws/install/husky_viz/share/ament_index/resource_index/parent_prefix_path/husky_viz
[0.660s] -- Installing: /home/gdaniel/husky_ws/install/husky_viz/share/husky_viz/environment/ament_prefix_path.sh
[0.660s] -- Installing: /home/gdaniel/husky_ws/install/husky_viz/share/husky_viz/environment/ament_prefix_path.dsv
[0.660s] -- Installing: /home/gdaniel/husky_ws/install/husky_viz/share/husky_viz/environment/path.sh
[0.661s] -- Installing: /home/gdaniel/husky_ws/install/husky_viz/share/husky_viz/environment/path.dsv
[0.661s] -- Installing: /home/gdaniel/husky_ws/install/husky_viz/share/husky_viz/local_setup.bash
[0.661s] -- Installing: /home/gdaniel/husky_ws/install/husky_viz/share/husky_viz/local_setup.sh
[0.661s] -- Installing: /home/gdaniel/husky_ws/install/husky_viz/share/husky_viz/local_setup.zsh
[0.661s] -- Installing: /home/gdaniel/husky_ws/install/husky_viz/share/husky_viz/local_setup.dsv
[0.661s] -- Installing: /home/gdaniel/husky_ws/install/husky_viz/share/husky_viz/package.dsv
[0.661s] -- Installing: /home/gdaniel/husky_ws/install/husky_viz/share/ament_index/resource_index/packages/husky_viz
[0.662s] -- Installing: /home/gdaniel/husky_ws/install/husky_viz/share/husky_viz/cmake/husky_vizConfig.cmake
[0.662s] -- Installing: /home/gdaniel/husky_ws/install/husky_viz/share/husky_viz/cmake/husky_vizConfig-version.cmake
[0.662s] -- Installing: /home/gdaniel/husky_ws/install/husky_viz/share/husky_viz/package.xml
[0.663s] Invoked command in '/home/gdaniel/husky_ws/build/husky_viz' returned '0': CMAKE_PREFIX_PATH=/home/gdaniel/husky_ws/install/husky_description:/home/gdaniel/mestrado_ws/install:/home/gdaniel/mestrado_ws/install/husky_desktop:/home/gdaniel/mestrado_ws/install/husky_viz:/home/gdaniel/mestrado_ws/install/husky_simulator:/home/gdaniel/mestrado_ws/install/husky_robot:/home/gdaniel/mestrado_ws/install/husky_bringup:/home/gdaniel/mestrado_ws/install/husky_base:/home/gdaniel/mestrado_ws/install/husky_msgs:/home/gdaniel/mestrado_ws/install/husky_gazebo:/home/gdaniel/mestrado_ws/install/husky_control:/home/gdaniel/mestrado_ws/install/husky_description:/home/gdaniel/husky_ws/install/husky_desktop:/home/gdaniel/husky_ws/install/husky_viz:/home/gdaniel/husky_ws/install/husky_simulator:/home/gdaniel/husky_ws/install/husky_robot:/home/gdaniel/husky_ws/install/husky_bringup:/home/gdaniel/husky_ws/install/husky_base:/home/gdaniel/husky_ws/install/husky_msgs:/home/gdaniel/husky_ws/install/husky_gazebo:/home/gdaniel/husky_ws/install/husky_control:/opt/ros/foxy /usr/bin/cmake --install /home/gdaniel/husky_ws/build/husky_viz
