[0.013s] Invoking command in '/home/gdaniel/husky_ws/build/husky_description': CMAKE_PREFIX_PATH=${CMAKE_PREFIX_PATH}:/home/gdaniel/mestrado_ws/install/husky_desktop:/home/gdaniel/mestrado_ws/install/husky_viz:/home/gdaniel/mestrado_ws/install/husky_simulator:/home/gdaniel/mestrado_ws/install/husky_robot:/home/gdaniel/mestrado_ws/install/husky_bringup:/home/gdaniel/mestrado_ws/install/husky_base:/home/gdaniel/mestrado_ws/install/husky_msgs:/home/gdaniel/mestrado_ws/install/husky_gazebo:/home/gdaniel/mestrado_ws/install/husky_control:/home/gdaniel/mestrado_ws/install/husky_description:/home/gdaniel/husky_ws/install/husky_desktop:/home/gdaniel/husky_ws/install/husky_viz:/home/gdaniel/husky_ws/install/husky_simulator:/home/gdaniel/husky_ws/install/husky_robot:/home/gdaniel/husky_ws/install/husky_bringup:/home/gdaniel/husky_ws/install/husky_base:/home/gdaniel/husky_ws/install/husky_msgs:/home/gdaniel/husky_ws/install/husky_gazebo:/home/gdaniel/husky_ws/install/husky_control:/home/gdaniel/husky_ws/install/husky_description:/opt/ros/foxy /usr/bin/cmake /home/gdaniel/husky_ws/src/husky/husky_description -DCMAKE_INSTALL_PREFIX=/home/gdaniel/husky_ws/install/husky_description
[0.160s] -- The C compiler identification is GNU 9.4.0
[0.293s] -- The CXX compiler identification is GNU 9.4.0
[0.320s] -- Check for working C compiler: /usr/bin/cc
[0.382s] -- Check for working C compiler: /usr/bin/cc -- works
[0.383s] -- Detecting C compiler ABI info
[0.442s] -- Detecting C compiler ABI info - done
[0.449s] -- Detecting C compile features
[0.449s] -- Detecting C compile features - done
[0.452s] -- Check for working CXX compiler: /usr/bin/c++
[0.514s] -- Check for working CXX compiler: /usr/bin/c++ -- works
[0.515s] -- Detecting CXX compiler ABI info
[0.577s] -- Detecting CXX compiler ABI info - done
[0.584s] -- Detecting CXX compile features
[0.584s] -- Detecting CXX compile features - done
[0.594s] -- Found ament_cmake: 0.9.12 (/opt/ros/foxy/share/ament_cmake/cmake)
[0.613s] -- Found PythonInterp: /usr/bin/python3 (found suitable version "3.8.10", minimum required is "3") 
[0.613s] -- Using PYTHON_EXECUTABLE: /usr/bin/python3
[0.749s] -- Found urdf: 2.4.0 (/opt/ros/foxy/share/urdf/cmake)
[1.137s] -- Configuring done
[1.139s] -- Generating done
[1.140s] -- Build files have been written to: /home/gdaniel/husky_ws/build/husky_description
[1.145s] Invoked command in '/home/gdaniel/husky_ws/build/husky_description' returned '0': CMAKE_PREFIX_PATH=${CMAKE_PREFIX_PATH}:/home/gdaniel/mestrado_ws/install/husky_desktop:/home/gdaniel/mestrado_ws/install/husky_viz:/home/gdaniel/mestrado_ws/install/husky_simulator:/home/gdaniel/mestrado_ws/install/husky_robot:/home/gdaniel/mestrado_ws/install/husky_bringup:/home/gdaniel/mestrado_ws/install/husky_base:/home/gdaniel/mestrado_ws/install/husky_msgs:/home/gdaniel/mestrado_ws/install/husky_gazebo:/home/gdaniel/mestrado_ws/install/husky_control:/home/gdaniel/mestrado_ws/install/husky_description:/home/gdaniel/husky_ws/install/husky_desktop:/home/gdaniel/husky_ws/install/husky_viz:/home/gdaniel/husky_ws/install/husky_simulator:/home/gdaniel/husky_ws/install/husky_robot:/home/gdaniel/husky_ws/install/husky_bringup:/home/gdaniel/husky_ws/install/husky_base:/home/gdaniel/husky_ws/install/husky_msgs:/home/gdaniel/husky_ws/install/husky_gazebo:/home/gdaniel/husky_ws/install/husky_control:/home/gdaniel/husky_ws/install/husky_description:/opt/ros/foxy /usr/bin/cmake /home/gdaniel/husky_ws/src/husky/husky_description -DCMAKE_INSTALL_PREFIX=/home/gdaniel/husky_ws/install/husky_description
[1.147s] Invoking command in '/home/gdaniel/husky_ws/build/husky_description': CMAKE_PREFIX_PATH=${CMAKE_PREFIX_PATH}:/home/gdaniel/mestrado_ws/install/husky_desktop:/home/gdaniel/mestrado_ws/install/husky_viz:/home/gdaniel/mestrado_ws/install/husky_simulator:/home/gdaniel/mestrado_ws/install/husky_robot:/home/gdaniel/mestrado_ws/install/husky_bringup:/home/gdaniel/mestrado_ws/install/husky_base:/home/gdaniel/mestrado_ws/install/husky_msgs:/home/gdaniel/mestrado_ws/install/husky_gazebo:/home/gdaniel/mestrado_ws/install/husky_control:/home/gdaniel/mestrado_ws/install/husky_description:/home/gdaniel/husky_ws/install/husky_desktop:/home/gdaniel/husky_ws/install/husky_viz:/home/gdaniel/husky_ws/install/husky_simulator:/home/gdaniel/husky_ws/install/husky_robot:/home/gdaniel/husky_ws/install/husky_bringup:/home/gdaniel/husky_ws/install/husky_base:/home/gdaniel/husky_ws/install/husky_msgs:/home/gdaniel/husky_ws/install/husky_gazebo:/home/gdaniel/husky_ws/install/husky_control:/home/gdaniel/husky_ws/install/husky_description:/opt/ros/foxy /usr/bin/cmake --build /home/gdaniel/husky_ws/build/husky_description -- -j16 -l16
[1.174s] Invoked command in '/home/gdaniel/husky_ws/build/husky_description' returned '0': CMAKE_PREFIX_PATH=${CMAKE_PREFIX_PATH}:/home/gdaniel/mestrado_ws/install/husky_desktop:/home/gdaniel/mestrado_ws/install/husky_viz:/home/gdaniel/mestrado_ws/install/husky_simulator:/home/gdaniel/mestrado_ws/install/husky_robot:/home/gdaniel/mestrado_ws/install/husky_bringup:/home/gdaniel/mestrado_ws/install/husky_base:/home/gdaniel/mestrado_ws/install/husky_msgs:/home/gdaniel/mestrado_ws/install/husky_gazebo:/home/gdaniel/mestrado_ws/install/husky_control:/home/gdaniel/mestrado_ws/install/husky_description:/home/gdaniel/husky_ws/install/husky_desktop:/home/gdaniel/husky_ws/install/husky_viz:/home/gdaniel/husky_ws/install/husky_simulator:/home/gdaniel/husky_ws/install/husky_robot:/home/gdaniel/husky_ws/install/husky_bringup:/home/gdaniel/husky_ws/install/husky_base:/home/gdaniel/husky_ws/install/husky_msgs:/home/gdaniel/husky_ws/install/husky_gazebo:/home/gdaniel/husky_ws/install/husky_control:/home/gdaniel/husky_ws/install/husky_description:/opt/ros/foxy /usr/bin/cmake --build /home/gdaniel/husky_ws/build/husky_description -- -j16 -l16
[1.194s] Invoking command in '/home/gdaniel/husky_ws/build/husky_description': CMAKE_PREFIX_PATH=${CMAKE_PREFIX_PATH}:/home/gdaniel/mestrado_ws/install/husky_desktop:/home/gdaniel/mestrado_ws/install/husky_viz:/home/gdaniel/mestrado_ws/install/husky_simulator:/home/gdaniel/mestrado_ws/install/husky_robot:/home/gdaniel/mestrado_ws/install/husky_bringup:/home/gdaniel/mestrado_ws/install/husky_base:/home/gdaniel/mestrado_ws/install/husky_msgs:/home/gdaniel/mestrado_ws/install/husky_gazebo:/home/gdaniel/mestrado_ws/install/husky_control:/home/gdaniel/mestrado_ws/install/husky_description:/home/gdaniel/husky_ws/install/husky_desktop:/home/gdaniel/husky_ws/install/husky_viz:/home/gdaniel/husky_ws/install/husky_simulator:/home/gdaniel/husky_ws/install/husky_robot:/home/gdaniel/husky_ws/install/husky_bringup:/home/gdaniel/husky_ws/install/husky_base:/home/gdaniel/husky_ws/install/husky_msgs:/home/gdaniel/husky_ws/install/husky_gazebo:/home/gdaniel/husky_ws/install/husky_control:/home/gdaniel/husky_ws/install/husky_description:/opt/ros/foxy /usr/bin/cmake --install /home/gdaniel/husky_ws/build/husky_description
[1.199s] -- Install configuration: ""
[1.199s] -- Installing: /home/gdaniel/husky_ws/install/husky_description/share/husky_description/launch
[1.200s] -- Installing: /home/gdaniel/husky_ws/install/husky_description/share/husky_description/launch/description.launch
[1.200s] -- Installing: /home/gdaniel/husky_ws/install/husky_description/share/husky_description/launch/description.launch.py
[1.200s] -- Installing: /home/gdaniel/husky_ws/install/husky_description/share/husky_description/meshes
[1.200s] -- Installing: /home/gdaniel/husky_ws/install/husky_description/share/husky_description/meshes/user_rail.dae
[1.201s] -- Installing: /home/gdaniel/husky_ws/install/husky_description/share/husky_description/meshes/bumper.dae
[1.201s] -- Installing: /home/gdaniel/husky_ws/install/husky_description/share/husky_description/meshes/accessories
[1.201s] -- Installing: /home/gdaniel/husky_ws/install/husky_description/share/husky_description/meshes/accessories/300_mm_sensor_arch.stl
[1.201s] -- Installing: /home/gdaniel/husky_ws/install/husky_description/share/husky_description/meshes/accessories/lms1xx_mount.stl
[1.201s] -- Installing: /home/gdaniel/husky_ws/install/husky_description/share/husky_description/meshes/accessories/lidar_mount.stl
[1.201s] -- Installing: /home/gdaniel/husky_ws/install/husky_description/share/husky_description/meshes/accessories/510_mm_sensor_arch.dae
[1.202s] -- Installing: /home/gdaniel/husky_ws/install/husky_description/share/husky_description/meshes/accessories/lms1xx_mount.dae
[1.202s] -- Installing: /home/gdaniel/husky_ws/install/husky_description/share/husky_description/meshes/accessories/510_mm_sensor_arch.stl
[1.202s] -- Installing: /home/gdaniel/husky_ws/install/husky_description/share/husky_description/meshes/accessories/300_mm_sensor_arch.dae
[1.202s] -- Installing: /home/gdaniel/husky_ws/install/husky_description/share/husky_description/meshes/base_link.dae
[1.202s] -- Installing: /home/gdaniel/husky_ws/install/husky_description/share/husky_description/meshes/top_chassis.dae
[1.204s] -- Installing: /home/gdaniel/husky_ws/install/husky_description/share/husky_description/meshes/bumper_extension.dae
[1.204s] -- Installing: /home/gdaniel/husky_ws/install/husky_description/share/husky_description/meshes/top_plate.dae
[1.204s] -- Installing: /home/gdaniel/husky_ws/install/husky_description/share/husky_description/meshes/top_chassis.stl
[1.205s] -- Installing: /home/gdaniel/husky_ws/install/husky_description/share/husky_description/meshes/wheel.stl
[1.206s] -- Installing: /home/gdaniel/husky_ws/install/husky_description/share/husky_description/meshes/large_top_plate.dae
[1.206s] -- Installing: /home/gdaniel/husky_ws/install/husky_description/share/husky_description/meshes/large_top_plate_collision.stl
[1.206s] -- Installing: /home/gdaniel/husky_ws/install/husky_description/share/husky_description/meshes/top_plate.stl
[1.206s] -- Installing: /home/gdaniel/husky_ws/install/husky_description/share/husky_description/meshes/base_link.stl
[1.207s] -- Installing: /home/gdaniel/husky_ws/install/husky_description/share/husky_description/meshes/wheel.dae
[1.209s] -- Installing: /home/gdaniel/husky_ws/install/husky_description/share/husky_description/meshes/user_rail.stl
[1.210s] -- Installing: /home/gdaniel/husky_ws/install/husky_description/share/husky_description/urdf
[1.210s] -- Installing: /home/gdaniel/husky_ws/install/husky_description/share/husky_description/urdf/husky_macro.urdf.xacro
[1.210s] -- Installing: /home/gdaniel/husky_ws/install/husky_description/share/husky_description/urdf/accessories
[1.210s] -- Installing: /home/gdaniel/husky_ws/install/husky_description/share/husky_description/urdf/accessories/sensor_arch.urdf.xacro
[1.210s] -- Installing: /home/gdaniel/husky_ws/install/husky_description/share/husky_description/urdf/accessories/sick_lms1xx_mount.urdf.xacro
[1.210s] -- Installing: /home/gdaniel/husky_ws/install/husky_description/share/husky_description/urdf/accessories/intel_realsense.urdf.xacro
[1.210s] -- Installing: /home/gdaniel/husky_ws/install/husky_description/share/husky_description/urdf/wheel.urdf.xacro
[1.210s] -- Installing: /home/gdaniel/husky_ws/install/husky_description/share/husky_description/urdf/empty.urdf
[1.211s] -- Installing: /home/gdaniel/husky_ws/install/husky_description/share/husky_description/urdf/decorations.urdf.xacro
[1.211s] -- Installing: /home/gdaniel/husky_ws/install/husky_description/share/husky_description/urdf/husky.urdf.xacro
[1.211s] -- Installing: /home/gdaniel/husky_ws/install/husky_description/share/ament_index/resource_index/package_run_dependencies/husky_description
[1.211s] -- Installing: /home/gdaniel/husky_ws/install/husky_description/share/ament_index/resource_index/parent_prefix_path/husky_description
[1.212s] -- Installing: /home/gdaniel/husky_ws/install/husky_description/share/husky_description/environment/ament_prefix_path.sh
[1.212s] -- Installing: /home/gdaniel/husky_ws/install/husky_description/share/husky_description/environment/ament_prefix_path.dsv
[1.212s] -- Installing: /home/gdaniel/husky_ws/install/husky_description/share/husky_description/environment/path.sh
[1.212s] -- Installing: /home/gdaniel/husky_ws/install/husky_description/share/husky_description/environment/path.dsv
[1.212s] -- Installing: /home/gdaniel/husky_ws/install/husky_description/share/husky_description/local_setup.bash
[1.212s] -- Installing: /home/gdaniel/husky_ws/install/husky_description/share/husky_description/local_setup.sh
[1.212s] -- Installing: /home/gdaniel/husky_ws/install/husky_description/share/husky_description/local_setup.zsh
[1.212s] -- Installing: /home/gdaniel/husky_ws/install/husky_description/share/husky_description/local_setup.dsv
[1.212s] -- Installing: /home/gdaniel/husky_ws/install/husky_description/share/husky_description/package.dsv
[1.213s] -- Installing: /home/gdaniel/husky_ws/install/husky_description/share/ament_index/resource_index/packages/husky_description
[1.213s] -- Installing: /home/gdaniel/husky_ws/install/husky_description/share/husky_description/cmake/ament_cmake_export_dependencies-extras.cmake
[1.213s] -- Installing: /home/gdaniel/husky_ws/install/husky_description/share/husky_description/cmake/husky_descriptionConfig.cmake
[1.213s] -- Installing: /home/gdaniel/husky_ws/install/husky_description/share/husky_description/cmake/husky_descriptionConfig-version.cmake
[1.213s] -- Installing: /home/gdaniel/husky_ws/install/husky_description/share/husky_description/package.xml
[1.215s] Invoked command in '/home/gdaniel/husky_ws/build/husky_description' returned '0': CMAKE_PREFIX_PATH=${CMAKE_PREFIX_PATH}:/home/gdaniel/mestrado_ws/install/husky_desktop:/home/gdaniel/mestrado_ws/install/husky_viz:/home/gdaniel/mestrado_ws/install/husky_simulator:/home/gdaniel/mestrado_ws/install/husky_robot:/home/gdaniel/mestrado_ws/install/husky_bringup:/home/gdaniel/mestrado_ws/install/husky_base:/home/gdaniel/mestrado_ws/install/husky_msgs:/home/gdaniel/mestrado_ws/install/husky_gazebo:/home/gdaniel/mestrado_ws/install/husky_control:/home/gdaniel/mestrado_ws/install/husky_description:/home/gdaniel/husky_ws/install/husky_desktop:/home/gdaniel/husky_ws/install/husky_viz:/home/gdaniel/husky_ws/install/husky_simulator:/home/gdaniel/husky_ws/install/husky_robot:/home/gdaniel/husky_ws/install/husky_bringup:/home/gdaniel/husky_ws/install/husky_base:/home/gdaniel/husky_ws/install/husky_msgs:/home/gdaniel/husky_ws/install/husky_gazebo:/home/gdaniel/husky_ws/install/husky_control:/home/gdaniel/husky_ws/install/husky_description:/opt/ros/foxy /usr/bin/cmake --install /home/gdaniel/husky_ws/build/husky_description
