[0.071s] Invoking command in '/home/gdaniel/husky_ws/build/husky_bringup': CMAKE_PREFIX_PATH=/home/gdaniel/husky_ws/install/husky_control:/home/gdaniel/husky_ws/install/husky_base:/home/gdaniel/husky_ws/install/husky_msgs:/home/gdaniel/husky_ws/install/husky_description:/home/gdaniel/mestrado_ws/install:/home/gdaniel/mestrado_ws/install/husky_desktop:/home/gdaniel/mestrado_ws/install/husky_viz:/home/gdaniel/mestrado_ws/install/husky_simulator:/home/gdaniel/mestrado_ws/install/husky_robot:/home/gdaniel/mestrado_ws/install/husky_bringup:/home/gdaniel/mestrado_ws/install/husky_base:/home/gdaniel/mestrado_ws/install/husky_msgs:/home/gdaniel/mestrado_ws/install/husky_gazebo:/home/gdaniel/mestrado_ws/install/husky_control:/home/gdaniel/mestrado_ws/install/husky_description:/home/gdaniel/husky_ws/install/husky_desktop:/home/gdaniel/husky_ws/install/husky_viz:/home/gdaniel/husky_ws/install/husky_simulator:/home/gdaniel/husky_ws/install/husky_robot:/home/gdaniel/husky_ws/install/husky_bringup:/home/gdaniel/husky_ws/install/husky_gazebo:/opt/ros/foxy LD_LIBRARY_PATH=/home/gdaniel/husky_ws/install/husky_base/lib:/home/gdaniel/husky_ws/install/husky_msgs/lib:/home/gdaniel/mestrado_ws/install/husky_base/lib:/home/gdaniel/mestrado_ws/install/husky_msgs/lib:/usr/lib/x86_64-linux-gnu/gazebo-11/plugins:/opt/ros/foxy/opt/yaml_cpp_vendor/lib:/opt/ros/foxy/opt/rviz_ogre_vendor/lib:/opt/ros/foxy/lib/x86_64-linux-gnu:/opt/ros/foxy/lib PYTHONPATH=/home/gdaniel/husky_ws/install/husky_msgs/lib/python3.8/site-packages:/home/gdaniel/mestrado_ws/install/husky_msgs/lib/python3.8/site-packages:/opt/ros/foxy/lib/python3.8/site-packages /usr/bin/cmake /home/gdaniel/husky_ws/src/husky/husky_bringup -DCMAKE_INSTALL_PREFIX=/home/gdaniel/husky_ws/install/husky_bringup
[0.135s] -- The C compiler identification is GNU 9.4.0
[0.214s] -- The CXX compiler identification is GNU 9.4.0
[0.245s] -- Check for working C compiler: /usr/bin/cc
[0.307s] -- Check for working C compiler: /usr/bin/cc -- works
[0.308s] -- Detecting C compiler ABI info
[0.370s] -- Detecting C compiler ABI info - done
[0.377s] -- Detecting C compile features
[0.377s] -- Detecting C compile features - done
[0.378s] -- Check for working CXX compiler: /usr/bin/c++
[0.447s] -- Check for working CXX compiler: /usr/bin/c++ -- works
[0.448s] -- Detecting CXX compiler ABI info
[0.518s] -- Detecting CXX compiler ABI info - done
[0.525s] -- Detecting CXX compile features
[0.525s] -- Detecting CXX compile features - done
[0.528s] -- Found ament_cmake: 0.9.12 (/opt/ros/foxy/share/ament_cmake/cmake)
[0.544s] -- Found PythonInterp: /usr/bin/python3 (found suitable version "3.8.10", minimum required is "3") 
[0.544s] -- Using PYTHON_EXECUTABLE: /usr/bin/python3
[0.703s] -- Configuring done
[0.705s] -- Generating done
[0.706s] -- Build files have been written to: /home/gdaniel/husky_ws/build/husky_bringup
[0.709s] Invoked command in '/home/gdaniel/husky_ws/build/husky_bringup' returned '0': CMAKE_PREFIX_PATH=/home/gdaniel/husky_ws/install/husky_control:/home/gdaniel/husky_ws/install/husky_base:/home/gdaniel/husky_ws/install/husky_msgs:/home/gdaniel/husky_ws/install/husky_description:/home/gdaniel/mestrado_ws/install:/home/gdaniel/mestrado_ws/install/husky_desktop:/home/gdaniel/mestrado_ws/install/husky_viz:/home/gdaniel/mestrado_ws/install/husky_simulator:/home/gdaniel/mestrado_ws/install/husky_robot:/home/gdaniel/mestrado_ws/install/husky_bringup:/home/gdaniel/mestrado_ws/install/husky_base:/home/gdaniel/mestrado_ws/install/husky_msgs:/home/gdaniel/mestrado_ws/install/husky_gazebo:/home/gdaniel/mestrado_ws/install/husky_control:/home/gdaniel/mestrado_ws/install/husky_description:/home/gdaniel/husky_ws/install/husky_desktop:/home/gdaniel/husky_ws/install/husky_viz:/home/gdaniel/husky_ws/install/husky_simulator:/home/gdaniel/husky_ws/install/husky_robot:/home/gdaniel/husky_ws/install/husky_bringup:/home/gdaniel/husky_ws/install/husky_gazebo:/opt/ros/foxy LD_LIBRARY_PATH=/home/gdaniel/husky_ws/install/husky_base/lib:/home/gdaniel/husky_ws/install/husky_msgs/lib:/home/gdaniel/mestrado_ws/install/husky_base/lib:/home/gdaniel/mestrado_ws/install/husky_msgs/lib:/usr/lib/x86_64-linux-gnu/gazebo-11/plugins:/opt/ros/foxy/opt/yaml_cpp_vendor/lib:/opt/ros/foxy/opt/rviz_ogre_vendor/lib:/opt/ros/foxy/lib/x86_64-linux-gnu:/opt/ros/foxy/lib PYTHONPATH=/home/gdaniel/husky_ws/install/husky_msgs/lib/python3.8/site-packages:/home/gdaniel/mestrado_ws/install/husky_msgs/lib/python3.8/site-packages:/opt/ros/foxy/lib/python3.8/site-packages /usr/bin/cmake /home/gdaniel/husky_ws/src/husky/husky_bringup -DCMAKE_INSTALL_PREFIX=/home/gdaniel/husky_ws/install/husky_bringup
[0.711s] Invoking command in '/home/gdaniel/husky_ws/build/husky_bringup': CMAKE_PREFIX_PATH=/home/gdaniel/husky_ws/install/husky_control:/home/gdaniel/husky_ws/install/husky_base:/home/gdaniel/husky_ws/install/husky_msgs:/home/gdaniel/husky_ws/install/husky_description:/home/gdaniel/mestrado_ws/install:/home/gdaniel/mestrado_ws/install/husky_desktop:/home/gdaniel/mestrado_ws/install/husky_viz:/home/gdaniel/mestrado_ws/install/husky_simulator:/home/gdaniel/mestrado_ws/install/husky_robot:/home/gdaniel/mestrado_ws/install/husky_bringup:/home/gdaniel/mestrado_ws/install/husky_base:/home/gdaniel/mestrado_ws/install/husky_msgs:/home/gdaniel/mestrado_ws/install/husky_gazebo:/home/gdaniel/mestrado_ws/install/husky_control:/home/gdaniel/mestrado_ws/install/husky_description:/home/gdaniel/husky_ws/install/husky_desktop:/home/gdaniel/husky_ws/install/husky_viz:/home/gdaniel/husky_ws/install/husky_simulator:/home/gdaniel/husky_ws/install/husky_robot:/home/gdaniel/husky_ws/install/husky_bringup:/home/gdaniel/husky_ws/install/husky_gazebo:/opt/ros/foxy LD_LIBRARY_PATH=/home/gdaniel/husky_ws/install/husky_base/lib:/home/gdaniel/husky_ws/install/husky_msgs/lib:/home/gdaniel/mestrado_ws/install/husky_base/lib:/home/gdaniel/mestrado_ws/install/husky_msgs/lib:/usr/lib/x86_64-linux-gnu/gazebo-11/plugins:/opt/ros/foxy/opt/yaml_cpp_vendor/lib:/opt/ros/foxy/opt/rviz_ogre_vendor/lib:/opt/ros/foxy/lib/x86_64-linux-gnu:/opt/ros/foxy/lib PYTHONPATH=/home/gdaniel/husky_ws/install/husky_msgs/lib/python3.8/site-packages:/home/gdaniel/mestrado_ws/install/husky_msgs/lib/python3.8/site-packages:/opt/ros/foxy/lib/python3.8/site-packages /usr/bin/cmake --build /home/gdaniel/husky_ws/build/husky_bringup -- -j16 -l16
[0.737s] Invoked command in '/home/gdaniel/husky_ws/build/husky_bringup' returned '0': CMAKE_PREFIX_PATH=/home/gdaniel/husky_ws/install/husky_control:/home/gdaniel/husky_ws/install/husky_base:/home/gdaniel/husky_ws/install/husky_msgs:/home/gdaniel/husky_ws/install/husky_description:/home/gdaniel/mestrado_ws/install:/home/gdaniel/mestrado_ws/install/husky_desktop:/home/gdaniel/mestrado_ws/install/husky_viz:/home/gdaniel/mestrado_ws/install/husky_simulator:/home/gdaniel/mestrado_ws/install/husky_robot:/home/gdaniel/mestrado_ws/install/husky_bringup:/home/gdaniel/mestrado_ws/install/husky_base:/home/gdaniel/mestrado_ws/install/husky_msgs:/home/gdaniel/mestrado_ws/install/husky_gazebo:/home/gdaniel/mestrado_ws/install/husky_control:/home/gdaniel/mestrado_ws/install/husky_description:/home/gdaniel/husky_ws/install/husky_desktop:/home/gdaniel/husky_ws/install/husky_viz:/home/gdaniel/husky_ws/install/husky_simulator:/home/gdaniel/husky_ws/install/husky_robot:/home/gdaniel/husky_ws/install/husky_bringup:/home/gdaniel/husky_ws/install/husky_gazebo:/opt/ros/foxy LD_LIBRARY_PATH=/home/gdaniel/husky_ws/install/husky_base/lib:/home/gdaniel/husky_ws/install/husky_msgs/lib:/home/gdaniel/mestrado_ws/install/husky_base/lib:/home/gdaniel/mestrado_ws/install/husky_msgs/lib:/usr/lib/x86_64-linux-gnu/gazebo-11/plugins:/opt/ros/foxy/opt/yaml_cpp_vendor/lib:/opt/ros/foxy/opt/rviz_ogre_vendor/lib:/opt/ros/foxy/lib/x86_64-linux-gnu:/opt/ros/foxy/lib PYTHONPATH=/home/gdaniel/husky_ws/install/husky_msgs/lib/python3.8/site-packages:/home/gdaniel/mestrado_ws/install/husky_msgs/lib/python3.8/site-packages:/opt/ros/foxy/lib/python3.8/site-packages /usr/bin/cmake --build /home/gdaniel/husky_ws/build/husky_bringup -- -j16 -l16
[0.752s] Invoking command in '/home/gdaniel/husky_ws/build/husky_bringup': CMAKE_PREFIX_PATH=/home/gdaniel/husky_ws/install/husky_control:/home/gdaniel/husky_ws/install/husky_base:/home/gdaniel/husky_ws/install/husky_msgs:/home/gdaniel/husky_ws/install/husky_description:/home/gdaniel/mestrado_ws/install:/home/gdaniel/mestrado_ws/install/husky_desktop:/home/gdaniel/mestrado_ws/install/husky_viz:/home/gdaniel/mestrado_ws/install/husky_simulator:/home/gdaniel/mestrado_ws/install/husky_robot:/home/gdaniel/mestrado_ws/install/husky_bringup:/home/gdaniel/mestrado_ws/install/husky_base:/home/gdaniel/mestrado_ws/install/husky_msgs:/home/gdaniel/mestrado_ws/install/husky_gazebo:/home/gdaniel/mestrado_ws/install/husky_control:/home/gdaniel/mestrado_ws/install/husky_description:/home/gdaniel/husky_ws/install/husky_desktop:/home/gdaniel/husky_ws/install/husky_viz:/home/gdaniel/husky_ws/install/husky_simulator:/home/gdaniel/husky_ws/install/husky_robot:/home/gdaniel/husky_ws/install/husky_bringup:/home/gdaniel/husky_ws/install/husky_gazebo:/opt/ros/foxy LD_LIBRARY_PATH=/home/gdaniel/husky_ws/install/husky_base/lib:/home/gdaniel/husky_ws/install/husky_msgs/lib:/home/gdaniel/mestrado_ws/install/husky_base/lib:/home/gdaniel/mestrado_ws/install/husky_msgs/lib:/usr/lib/x86_64-linux-gnu/gazebo-11/plugins:/opt/ros/foxy/opt/yaml_cpp_vendor/lib:/opt/ros/foxy/opt/rviz_ogre_vendor/lib:/opt/ros/foxy/lib/x86_64-linux-gnu:/opt/ros/foxy/lib PYTHONPATH=/home/gdaniel/husky_ws/install/husky_msgs/lib/python3.8/site-packages:/home/gdaniel/mestrado_ws/install/husky_msgs/lib/python3.8/site-packages:/opt/ros/foxy/lib/python3.8/site-packages /usr/bin/cmake --install /home/gdaniel/husky_ws/build/husky_bringup
[0.757s] -- Install configuration: ""
[0.757s] -- Installing: /home/gdaniel/husky_ws/install/husky_bringup/share/husky_bringup/config
[0.758s] -- Installing: /home/gdaniel/husky_ws/install/husky_bringup/share/husky_bringup/config/mag_config_default.yaml
[0.758s] -- Installing: /home/gdaniel/husky_ws/install/husky_bringup/share/husky_bringup/launch
[0.758s] -- Installing: /home/gdaniel/husky_ws/install/husky_bringup/share/husky_bringup/launch/accessories.launch.py
[0.758s] -- Installing: /home/gdaniel/husky_ws/install/husky_bringup/share/husky_bringup/udev
[0.758s] -- Installing: /home/gdaniel/husky_ws/install/husky_bringup/share/husky_bringup/udev/10-microstrain.rules
[0.758s] -- Installing: /home/gdaniel/husky_ws/install/husky_bringup/share/husky_bringup/udev/52-ftdi.rules
[0.758s] -- Installing: /home/gdaniel/husky_ws/install/husky_bringup/share/husky_bringup/udev/41-logitech.rules
[0.758s] -- Installing: /home/gdaniel/husky_ws/install/husky_bringup/share/husky_bringup/udev/41-hokuyo.rules
[0.758s] -- Installing: /home/gdaniel/husky_ws/install/husky_bringup/share/husky_bringup/udev/README.md
[0.758s] -- Installing: /home/gdaniel/husky_ws/install/husky_bringup/share/husky_bringup/udev/41-clearpath.rules
[0.759s] -- Installing: /home/gdaniel/husky_ws/install/husky_bringup/lib/husky_bringup/install
[0.759s] -- Installing: /home/gdaniel/husky_ws/install/husky_bringup/share/ament_index/resource_index/package_run_dependencies/husky_bringup
[0.760s] -- Installing: /home/gdaniel/husky_ws/install/husky_bringup/share/ament_index/resource_index/parent_prefix_path/husky_bringup
[0.760s] -- Installing: /home/gdaniel/husky_ws/install/husky_bringup/share/husky_bringup/environment/ament_prefix_path.sh
[0.760s] -- Installing: /home/gdaniel/husky_ws/install/husky_bringup/share/husky_bringup/environment/ament_prefix_path.dsv
[0.760s] -- Installing: /home/gdaniel/husky_ws/install/husky_bringup/share/husky_bringup/environment/path.sh
[0.760s] -- Installing: /home/gdaniel/husky_ws/install/husky_bringup/share/husky_bringup/environment/path.dsv
[0.760s] -- Installing: /home/gdaniel/husky_ws/install/husky_bringup/share/husky_bringup/local_setup.bash
[0.760s] -- Installing: /home/gdaniel/husky_ws/install/husky_bringup/share/husky_bringup/local_setup.sh
[0.761s] -- Installing: /home/gdaniel/husky_ws/install/husky_bringup/share/husky_bringup/local_setup.zsh
[0.761s] -- Installing: /home/gdaniel/husky_ws/install/husky_bringup/share/husky_bringup/local_setup.dsv
[0.761s] -- Installing: /home/gdaniel/husky_ws/install/husky_bringup/share/husky_bringup/package.dsv
[0.761s] -- Installing: /home/gdaniel/husky_ws/install/husky_bringup/share/ament_index/resource_index/packages/husky_bringup
[0.761s] -- Installing: /home/gdaniel/husky_ws/install/husky_bringup/share/husky_bringup/cmake/husky_bringupConfig.cmake
[0.761s] -- Installing: /home/gdaniel/husky_ws/install/husky_bringup/share/husky_bringup/cmake/husky_bringupConfig-version.cmake
[0.761s] -- Installing: /home/gdaniel/husky_ws/install/husky_bringup/share/husky_bringup/package.xml
[0.763s] Invoked command in '/home/gdaniel/husky_ws/build/husky_bringup' returned '0': CMAKE_PREFIX_PATH=/home/gdaniel/husky_ws/install/husky_control:/home/gdaniel/husky_ws/install/husky_base:/home/gdaniel/husky_ws/install/husky_msgs:/home/gdaniel/husky_ws/install/husky_description:/home/gdaniel/mestrado_ws/install:/home/gdaniel/mestrado_ws/install/husky_desktop:/home/gdaniel/mestrado_ws/install/husky_viz:/home/gdaniel/mestrado_ws/install/husky_simulator:/home/gdaniel/mestrado_ws/install/husky_robot:/home/gdaniel/mestrado_ws/install/husky_bringup:/home/gdaniel/mestrado_ws/install/husky_base:/home/gdaniel/mestrado_ws/install/husky_msgs:/home/gdaniel/mestrado_ws/install/husky_gazebo:/home/gdaniel/mestrado_ws/install/husky_control:/home/gdaniel/mestrado_ws/install/husky_description:/home/gdaniel/husky_ws/install/husky_desktop:/home/gdaniel/husky_ws/install/husky_viz:/home/gdaniel/husky_ws/install/husky_simulator:/home/gdaniel/husky_ws/install/husky_robot:/home/gdaniel/husky_ws/install/husky_bringup:/home/gdaniel/husky_ws/install/husky_gazebo:/opt/ros/foxy LD_LIBRARY_PATH=/home/gdaniel/husky_ws/install/husky_base/lib:/home/gdaniel/husky_ws/install/husky_msgs/lib:/home/gdaniel/mestrado_ws/install/husky_base/lib:/home/gdaniel/mestrado_ws/install/husky_msgs/lib:/usr/lib/x86_64-linux-gnu/gazebo-11/plugins:/opt/ros/foxy/opt/yaml_cpp_vendor/lib:/opt/ros/foxy/opt/rviz_ogre_vendor/lib:/opt/ros/foxy/lib/x86_64-linux-gnu:/opt/ros/foxy/lib PYTHONPATH=/home/gdaniel/husky_ws/install/husky_msgs/lib/python3.8/site-packages:/home/gdaniel/mestrado_ws/install/husky_msgs/lib/python3.8/site-packages:/opt/ros/foxy/lib/python3.8/site-packages /usr/bin/cmake --install /home/gdaniel/husky_ws/build/husky_bringup
