[0.035s] Invoking command in '/home/gdaniel/husky_ws/build/husky_simulator': CMAKE_PREFIX_PATH=/home/gdaniel/husky_ws/install/husky_gazebo:/home/gdaniel/husky_ws/install/husky_control:/home/gdaniel/husky_ws/install/husky_description:/home/gdaniel/mestrado_ws/install:/home/gdaniel/mestrado_ws/install/husky_desktop:/home/gdaniel/mestrado_ws/install/husky_viz:/home/gdaniel/mestrado_ws/install/husky_simulator:/home/gdaniel/mestrado_ws/install/husky_robot:/home/gdaniel/mestrado_ws/install/husky_bringup:/home/gdaniel/mestrado_ws/install/husky_base:/home/gdaniel/mestrado_ws/install/husky_msgs:/home/gdaniel/mestrado_ws/install/husky_gazebo:/home/gdaniel/mestrado_ws/install/husky_control:/home/gdaniel/mestrado_ws/install/husky_description:/home/gdaniel/husky_ws/install/husky_desktop:/home/gdaniel/husky_ws/install/husky_viz:/home/gdaniel/husky_ws/install/husky_simulator:/home/gdaniel/husky_ws/install/husky_robot:/home/gdaniel/husky_ws/install/husky_bringup:/home/gdaniel/husky_ws/install/husky_base:/home/gdaniel/husky_ws/install/husky_msgs:/opt/ros/foxy /usr/bin/cmake /home/gdaniel/husky_ws/src/husky/husky_simulator -DCMAKE_INSTALL_PREFIX=/home/gdaniel/husky_ws/install/husky_simulator
[0.095s] -- The C compiler identification is GNU 9.4.0
[0.168s] -- The CXX compiler identification is GNU 9.4.0
[0.190s] -- Check for working C compiler: /usr/bin/cc
[0.254s] -- Check for working C compiler: /usr/bin/cc -- works
[0.254s] -- Detecting C compiler ABI info
[0.319s] -- Detecting C compiler ABI info - done
[0.326s] -- Detecting C compile features
[0.326s] -- Detecting C compile features - done
[0.328s] -- Check for working CXX compiler: /usr/bin/c++
[0.398s] -- Check for working CXX compiler: /usr/bin/c++ -- works
[0.399s] -- Detecting CXX compiler ABI info
[0.466s] -- Detecting CXX compiler ABI info - done
[0.472s] -- Detecting CXX compile features
[0.473s] -- Detecting CXX compile features - done
[0.475s] -- Found ament_cmake: 0.9.12 (/opt/ros/foxy/share/ament_cmake/cmake)
[0.491s] -- Found PythonInterp: /usr/bin/python3 (found suitable version "3.8.10", minimum required is "3") 
[0.491s] -- Using PYTHON_EXECUTABLE: /usr/bin/python3
[0.651s] -- Configuring done
[0.653s] -- Generating done
[0.653s] -- Build files have been written to: /home/gdaniel/husky_ws/build/husky_simulator
[0.656s] Invoked command in '/home/gdaniel/husky_ws/build/husky_simulator' returned '0': CMAKE_PREFIX_PATH=/home/gdaniel/husky_ws/install/husky_gazebo:/home/gdaniel/husky_ws/install/husky_control:/home/gdaniel/husky_ws/install/husky_description:/home/gdaniel/mestrado_ws/install:/home/gdaniel/mestrado_ws/install/husky_desktop:/home/gdaniel/mestrado_ws/install/husky_viz:/home/gdaniel/mestrado_ws/install/husky_simulator:/home/gdaniel/mestrado_ws/install/husky_robot:/home/gdaniel/mestrado_ws/install/husky_bringup:/home/gdaniel/mestrado_ws/install/husky_base:/home/gdaniel/mestrado_ws/install/husky_msgs:/home/gdaniel/mestrado_ws/install/husky_gazebo:/home/gdaniel/mestrado_ws/install/husky_control:/home/gdaniel/mestrado_ws/install/husky_description:/home/gdaniel/husky_ws/install/husky_desktop:/home/gdaniel/husky_ws/install/husky_viz:/home/gdaniel/husky_ws/install/husky_simulator:/home/gdaniel/husky_ws/install/husky_robot:/home/gdaniel/husky_ws/install/husky_bringup:/home/gdaniel/husky_ws/install/husky_base:/home/gdaniel/husky_ws/install/husky_msgs:/opt/ros/foxy /usr/bin/cmake /home/gdaniel/husky_ws/src/husky/husky_simulator -DCMAKE_INSTALL_PREFIX=/home/gdaniel/husky_ws/install/husky_simulator
[0.658s] Invoking command in '/home/gdaniel/husky_ws/build/husky_simulator': CMAKE_PREFIX_PATH=/home/gdaniel/husky_ws/install/husky_gazebo:/home/gdaniel/husky_ws/install/husky_control:/home/gdaniel/husky_ws/install/husky_description:/home/gdaniel/mestrado_ws/install:/home/gdaniel/mestrado_ws/install/husky_desktop:/home/gdaniel/mestrado_ws/install/husky_viz:/home/gdaniel/mestrado_ws/install/husky_simulator:/home/gdaniel/mestrado_ws/install/husky_robot:/home/gdaniel/mestrado_ws/install/husky_bringup:/home/gdaniel/mestrado_ws/install/husky_base:/home/gdaniel/mestrado_ws/install/husky_msgs:/home/gdaniel/mestrado_ws/install/husky_gazebo:/home/gdaniel/mestrado_ws/install/husky_control:/home/gdaniel/mestrado_ws/install/husky_description:/home/gdaniel/husky_ws/install/husky_desktop:/home/gdaniel/husky_ws/install/husky_viz:/home/gdaniel/husky_ws/install/husky_simulator:/home/gdaniel/husky_ws/install/husky_robot:/home/gdaniel/husky_ws/install/husky_bringup:/home/gdaniel/husky_ws/install/husky_base:/home/gdaniel/husky_ws/install/husky_msgs:/opt/ros/foxy /usr/bin/cmake --build /home/gdaniel/husky_ws/build/husky_simulator -- -j16 -l16
[0.681s] Invoked command in '/home/gdaniel/husky_ws/build/husky_simulator' returned '0': CMAKE_PREFIX_PATH=/home/gdaniel/husky_ws/install/husky_gazebo:/home/gdaniel/husky_ws/install/husky_control:/home/gdaniel/husky_ws/install/husky_description:/home/gdaniel/mestrado_ws/install:/home/gdaniel/mestrado_ws/install/husky_desktop:/home/gdaniel/mestrado_ws/install/husky_viz:/home/gdaniel/mestrado_ws/install/husky_simulator:/home/gdaniel/mestrado_ws/install/husky_robot:/home/gdaniel/mestrado_ws/install/husky_bringup:/home/gdaniel/mestrado_ws/install/husky_base:/home/gdaniel/mestrado_ws/install/husky_msgs:/home/gdaniel/mestrado_ws/install/husky_gazebo:/home/gdaniel/mestrado_ws/install/husky_control:/home/gdaniel/mestrado_ws/install/husky_description:/home/gdaniel/husky_ws/install/husky_desktop:/home/gdaniel/husky_ws/install/husky_viz:/home/gdaniel/husky_ws/install/husky_simulator:/home/gdaniel/husky_ws/install/husky_robot:/home/gdaniel/husky_ws/install/husky_bringup:/home/gdaniel/husky_ws/install/husky_base:/home/gdaniel/husky_ws/install/husky_msgs:/opt/ros/foxy /usr/bin/cmake --build /home/gdaniel/husky_ws/build/husky_simulator -- -j16 -l16
[0.697s] Invoking command in '/home/gdaniel/husky_ws/build/husky_simulator': CMAKE_PREFIX_PATH=/home/gdaniel/husky_ws/install/husky_gazebo:/home/gdaniel/husky_ws/install/husky_control:/home/gdaniel/husky_ws/install/husky_description:/home/gdaniel/mestrado_ws/install:/home/gdaniel/mestrado_ws/install/husky_desktop:/home/gdaniel/mestrado_ws/install/husky_viz:/home/gdaniel/mestrado_ws/install/husky_simulator:/home/gdaniel/mestrado_ws/install/husky_robot:/home/gdaniel/mestrado_ws/install/husky_bringup:/home/gdaniel/mestrado_ws/install/husky_base:/home/gdaniel/mestrado_ws/install/husky_msgs:/home/gdaniel/mestrado_ws/install/husky_gazebo:/home/gdaniel/mestrado_ws/install/husky_control:/home/gdaniel/mestrado_ws/install/husky_description:/home/gdaniel/husky_ws/install/husky_desktop:/home/gdaniel/husky_ws/install/husky_viz:/home/gdaniel/husky_ws/install/husky_simulator:/home/gdaniel/husky_ws/install/husky_robot:/home/gdaniel/husky_ws/install/husky_bringup:/home/gdaniel/husky_ws/install/husky_base:/home/gdaniel/husky_ws/install/husky_msgs:/opt/ros/foxy /usr/bin/cmake --install /home/gdaniel/husky_ws/build/husky_simulator
[0.702s] -- Install configuration: ""
[0.703s] -- Installing: /home/gdaniel/husky_ws/install/husky_simulator/share/ament_index/resource_index/package_run_dependencies/husky_simulator
[0.704s] -- Installing: /home/gdaniel/husky_ws/install/husky_simulator/share/ament_index/resource_index/parent_prefix_path/husky_simulator
[0.704s] -- Installing: /home/gdaniel/husky_ws/install/husky_simulator/share/husky_simulator/environment/ament_prefix_path.sh
[0.704s] -- Installing: /home/gdaniel/husky_ws/install/husky_simulator/share/husky_simulator/environment/ament_prefix_path.dsv
[0.704s] -- Installing: /home/gdaniel/husky_ws/install/husky_simulator/share/husky_simulator/environment/path.sh
[0.704s] -- Installing: /home/gdaniel/husky_ws/install/husky_simulator/share/husky_simulator/environment/path.dsv
[0.704s] -- Installing: /home/gdaniel/husky_ws/install/husky_simulator/share/husky_simulator/local_setup.bash
[0.705s] -- Installing: /home/gdaniel/husky_ws/install/husky_simulator/share/husky_simulator/local_setup.sh
[0.705s] -- Installing: /home/gdaniel/husky_ws/install/husky_simulator/share/husky_simulator/local_setup.zsh
[0.705s] -- Installing: /home/gdaniel/husky_ws/install/husky_simulator/share/husky_simulator/local_setup.dsv
[0.705s] -- Installing: /home/gdaniel/husky_ws/install/husky_simulator/share/husky_simulator/package.dsv
[0.705s] -- Installing: /home/gdaniel/husky_ws/install/husky_simulator/share/ament_index/resource_index/packages/husky_simulator
[0.705s] -- Installing: /home/gdaniel/husky_ws/install/husky_simulator/share/husky_simulator/cmake/husky_simulatorConfig.cmake
[0.706s] -- Installing: /home/gdaniel/husky_ws/install/husky_simulator/share/husky_simulator/cmake/husky_simulatorConfig-version.cmake
[0.706s] -- Installing: /home/gdaniel/husky_ws/install/husky_simulator/share/husky_simulator/package.xml
[0.708s] Invoked command in '/home/gdaniel/husky_ws/build/husky_simulator' returned '0': CMAKE_PREFIX_PATH=/home/gdaniel/husky_ws/install/husky_gazebo:/home/gdaniel/husky_ws/install/husky_control:/home/gdaniel/husky_ws/install/husky_description:/home/gdaniel/mestrado_ws/install:/home/gdaniel/mestrado_ws/install/husky_desktop:/home/gdaniel/mestrado_ws/install/husky_viz:/home/gdaniel/mestrado_ws/install/husky_simulator:/home/gdaniel/mestrado_ws/install/husky_robot:/home/gdaniel/mestrado_ws/install/husky_bringup:/home/gdaniel/mestrado_ws/install/husky_base:/home/gdaniel/mestrado_ws/install/husky_msgs:/home/gdaniel/mestrado_ws/install/husky_gazebo:/home/gdaniel/mestrado_ws/install/husky_control:/home/gdaniel/mestrado_ws/install/husky_description:/home/gdaniel/husky_ws/install/husky_desktop:/home/gdaniel/husky_ws/install/husky_viz:/home/gdaniel/husky_ws/install/husky_simulator:/home/gdaniel/husky_ws/install/husky_robot:/home/gdaniel/husky_ws/install/husky_bringup:/home/gdaniel/husky_ws/install/husky_base:/home/gdaniel/husky_ws/install/husky_msgs:/opt/ros/foxy /usr/bin/cmake --install /home/gdaniel/husky_ws/build/husky_simulator
