[0.036s] Invoking command in '/home/gdaniel/husky_ws/build/husky_base': CMAKE_PREFIX_PATH=/home/gdaniel/husky_ws/install/husky_msgs:/home/gdaniel/mestrado_ws/install:/home/gdaniel/mestrado_ws/install/husky_desktop:/home/gdaniel/mestrado_ws/install/husky_viz:/home/gdaniel/mestrado_ws/install/husky_simulator:/home/gdaniel/mestrado_ws/install/husky_robot:/home/gdaniel/mestrado_ws/install/husky_bringup:/home/gdaniel/mestrado_ws/install/husky_base:/home/gdaniel/mestrado_ws/install/husky_msgs:/home/gdaniel/mestrado_ws/install/husky_gazebo:/home/gdaniel/mestrado_ws/install/husky_control:/home/gdaniel/mestrado_ws/install/husky_description:/home/gdaniel/husky_ws/install/husky_desktop:/home/gdaniel/husky_ws/install/husky_viz:/home/gdaniel/husky_ws/install/husky_simulator:/home/gdaniel/husky_ws/install/husky_robot:/home/gdaniel/husky_ws/install/husky_bringup:/home/gdaniel/husky_ws/install/husky_base:/home/gdaniel/husky_ws/install/husky_gazebo:/home/gdaniel/husky_ws/install/husky_control:/home/gdaniel/husky_ws/install/husky_description:/opt/ros/foxy LD_LIBRARY_PATH=/home/gdaniel/husky_ws/install/husky_msgs/lib:/home/gdaniel/mestrado_ws/install/husky_base/lib:/home/gdaniel/mestrado_ws/install/husky_msgs/lib:/usr/lib/x86_64-linux-gnu/gazebo-11/plugins:/home/gdaniel/husky_ws/install/husky_base/lib:/opt/ros/foxy/opt/yaml_cpp_vendor/lib:/opt/ros/foxy/opt/rviz_ogre_vendor/lib:/opt/ros/foxy/lib/x86_64-linux-gnu:/opt/ros/foxy/lib PYTHONPATH=/home/gdaniel/husky_ws/install/husky_msgs/lib/python3.8/site-packages:/home/gdaniel/mestrado_ws/install/husky_msgs/lib/python3.8/site-packages:/opt/ros/foxy/lib/python3.8/site-packages /usr/bin/cmake /home/gdaniel/husky_ws/src/husky/husky_base -DCMAKE_INSTALL_PREFIX=/home/gdaniel/husky_ws/install/husky_base
[0.094s] -- The C compiler identification is GNU 9.4.0
[0.175s] -- The CXX compiler identification is GNU 9.4.0
[0.203s] -- Check for working C compiler: /usr/bin/cc
[0.264s] -- Check for working C compiler: /usr/bin/cc -- works
[0.265s] -- Detecting C compiler ABI info
[0.329s] -- Detecting C compiler ABI info - done
[0.335s] -- Detecting C compile features
[0.336s] -- Detecting C compile features - done
[0.337s] -- Check for working CXX compiler: /usr/bin/c++
[0.404s] -- Check for working CXX compiler: /usr/bin/c++ -- works
[0.404s] -- Detecting CXX compiler ABI info
[0.467s] -- Detecting CXX compiler ABI info - done
[0.474s] -- Detecting CXX compile features
[0.474s] -- Detecting CXX compile features - done
[0.477s] -- Found ament_cmake: 0.9.12 (/opt/ros/foxy/share/ament_cmake/cmake)
[0.493s] -- Found PythonInterp: /usr/bin/python3 (found suitable version "3.8.10", minimum required is "3") 
[0.493s] -- Using PYTHON_EXECUTABLE: /usr/bin/python3
[0.619s] -- Found controller_interface: 0.11.0 (/opt/ros/foxy/share/controller_interface/cmake)
[0.689s] -- Using all available rosidl_typesupport_c: rosidl_typesupport_fastrtps_c;rosidl_typesupport_introspection_c
[0.693s] -- Found rosidl_adapter: 1.3.1 (/opt/ros/foxy/share/rosidl_adapter/cmake)
[1.019s] -- Found OpenSSL: /usr/lib/x86_64-linux-gnu/libcrypto.so (found version "1.1.1f")  
[1.324s] -- Found FastRTPS: /opt/ros/foxy/include  
[1.909s] -- Using all available rosidl_typesupport_cpp: rosidl_typesupport_fastrtps_cpp;rosidl_typesupport_introspection_cpp
[2.574s] -- Found rmw_implementation_cmake: 1.0.4 (/opt/ros/foxy/share/rmw_implementation_cmake/cmake)
[2.576s] -- Using RMW implementation 'rmw_fastrtps_cpp' as default
[2.578s] -- Looking for pthread.h
[2.644s] -- Looking for pthread.h - found
[2.644s] -- Performing Test CMAKE_HAVE_LIBC_PTHREAD
[2.709s] -- Performing Test CMAKE_HAVE_LIBC_PTHREAD - Failed
[2.710s] -- Looking for pthread_create in pthreads
[2.767s] -- Looking for pthread_create in pthreads - not found
[2.767s] -- Looking for pthread_create in pthread
[2.830s] -- Looking for pthread_create in pthread - found
[2.831s] -- Found Threads: TRUE  
[3.021s] -- Found controller_manager: 0.11.0 (/opt/ros/foxy/share/controller_manager/cmake)
[3.067s] -- Found husky_msgs: 1.0.9 (/home/gdaniel/husky_ws/install/husky_msgs/share/husky_msgs/cmake)
[3.091s] -- Found nav_msgs: 2.0.5 (/opt/ros/foxy/share/nav_msgs/cmake)
[3.140s] -- Found std_srvs: 2.0.5 (/opt/ros/foxy/share/std_srvs/cmake)
[3.152s] -- Found tf2: 0.13.14 (/opt/ros/foxy/share/tf2/cmake)
[3.161s] -- Found tf2_ros: 0.13.14 (/opt/ros/foxy/share/tf2_ros/cmake)
[3.402s] -- Configuring done
[3.433s] -- Generating done
[3.434s] -- Build files have been written to: /home/gdaniel/husky_ws/build/husky_base
[3.442s] Invoked command in '/home/gdaniel/husky_ws/build/husky_base' returned '0': CMAKE_PREFIX_PATH=/home/gdaniel/husky_ws/install/husky_msgs:/home/gdaniel/mestrado_ws/install:/home/gdaniel/mestrado_ws/install/husky_desktop:/home/gdaniel/mestrado_ws/install/husky_viz:/home/gdaniel/mestrado_ws/install/husky_simulator:/home/gdaniel/mestrado_ws/install/husky_robot:/home/gdaniel/mestrado_ws/install/husky_bringup:/home/gdaniel/mestrado_ws/install/husky_base:/home/gdaniel/mestrado_ws/install/husky_msgs:/home/gdaniel/mestrado_ws/install/husky_gazebo:/home/gdaniel/mestrado_ws/install/husky_control:/home/gdaniel/mestrado_ws/install/husky_description:/home/gdaniel/husky_ws/install/husky_desktop:/home/gdaniel/husky_ws/install/husky_viz:/home/gdaniel/husky_ws/install/husky_simulator:/home/gdaniel/husky_ws/install/husky_robot:/home/gdaniel/husky_ws/install/husky_bringup:/home/gdaniel/husky_ws/install/husky_base:/home/gdaniel/husky_ws/install/husky_gazebo:/home/gdaniel/husky_ws/install/husky_control:/home/gdaniel/husky_ws/install/husky_description:/opt/ros/foxy LD_LIBRARY_PATH=/home/gdaniel/husky_ws/install/husky_msgs/lib:/home/gdaniel/mestrado_ws/install/husky_base/lib:/home/gdaniel/mestrado_ws/install/husky_msgs/lib:/usr/lib/x86_64-linux-gnu/gazebo-11/plugins:/home/gdaniel/husky_ws/install/husky_base/lib:/opt/ros/foxy/opt/yaml_cpp_vendor/lib:/opt/ros/foxy/opt/rviz_ogre_vendor/lib:/opt/ros/foxy/lib/x86_64-linux-gnu:/opt/ros/foxy/lib PYTHONPATH=/home/gdaniel/husky_ws/install/husky_msgs/lib/python3.8/site-packages:/home/gdaniel/mestrado_ws/install/husky_msgs/lib/python3.8/site-packages:/opt/ros/foxy/lib/python3.8/site-packages /usr/bin/cmake /home/gdaniel/husky_ws/src/husky/husky_base -DCMAKE_INSTALL_PREFIX=/home/gdaniel/husky_ws/install/husky_base
[3.445s] Invoking command in '/home/gdaniel/husky_ws/build/husky_base': CMAKE_PREFIX_PATH=/home/gdaniel/husky_ws/install/husky_msgs:/home/gdaniel/mestrado_ws/install:/home/gdaniel/mestrado_ws/install/husky_desktop:/home/gdaniel/mestrado_ws/install/husky_viz:/home/gdaniel/mestrado_ws/install/husky_simulator:/home/gdaniel/mestrado_ws/install/husky_robot:/home/gdaniel/mestrado_ws/install/husky_bringup:/home/gdaniel/mestrado_ws/install/husky_base:/home/gdaniel/mestrado_ws/install/husky_msgs:/home/gdaniel/mestrado_ws/install/husky_gazebo:/home/gdaniel/mestrado_ws/install/husky_control:/home/gdaniel/mestrado_ws/install/husky_description:/home/gdaniel/husky_ws/install/husky_desktop:/home/gdaniel/husky_ws/install/husky_viz:/home/gdaniel/husky_ws/install/husky_simulator:/home/gdaniel/husky_ws/install/husky_robot:/home/gdaniel/husky_ws/install/husky_bringup:/home/gdaniel/husky_ws/install/husky_base:/home/gdaniel/husky_ws/install/husky_gazebo:/home/gdaniel/husky_ws/install/husky_control:/home/gdaniel/husky_ws/install/husky_description:/opt/ros/foxy LD_LIBRARY_PATH=/home/gdaniel/husky_ws/install/husky_msgs/lib:/home/gdaniel/mestrado_ws/install/husky_base/lib:/home/gdaniel/mestrado_ws/install/husky_msgs/lib:/usr/lib/x86_64-linux-gnu/gazebo-11/plugins:/home/gdaniel/husky_ws/install/husky_base/lib:/opt/ros/foxy/opt/yaml_cpp_vendor/lib:/opt/ros/foxy/opt/rviz_ogre_vendor/lib:/opt/ros/foxy/lib/x86_64-linux-gnu:/opt/ros/foxy/lib PYTHONPATH=/home/gdaniel/husky_ws/install/husky_msgs/lib/python3.8/site-packages:/home/gdaniel/mestrado_ws/install/husky_msgs/lib/python3.8/site-packages:/opt/ros/foxy/lib/python3.8/site-packages /usr/bin/cmake --build /home/gdaniel/husky_ws/build/husky_base -- -j16 -l16
[3.472s] [35m[1mScanning dependencies of target husky_hardware[0m
[3.572s] [ 15%] [32mBuilding CXX object CMakeFiles/husky_hardware.dir/src/horizon_legacy/Logger.cpp.o[0m
[3.572s] [ 15%] [32mBuilding CXX object CMakeFiles/husky_hardware.dir/src/husky_status.cpp.o[0m
[3.572s] [ 53%] [32mBuilding CXX object CMakeFiles/husky_hardware.dir/src/horizon_legacy_wrapper.cpp.o[0m
[3.572s] [ 53%] [32mBuilding CXX object CMakeFiles/husky_hardware.dir/src/horizon_legacy/Message_data.cpp.o[0m
[3.573s] [ 53%] [32mBuilding CXX object CMakeFiles/husky_hardware.dir/src/husky_hardware.cpp.o[0m
[3.573s] [ 53%] [32mBuilding CXX object CMakeFiles/husky_hardware.dir/src/horizon_legacy/crc.cpp.o[0m
[3.573s] [ 53%] [32mBuilding CXX object CMakeFiles/husky_hardware.dir/src/horizon_legacy/Message.cpp.o[0m
[3.573s] [ 61%] [32mBuilding CXX object CMakeFiles/husky_hardware.dir/src/horizon_legacy/Message_cmd.cpp.o[0m
[3.573s] [ 69%] [32mBuilding CXX object CMakeFiles/husky_hardware.dir/src/horizon_legacy/Message_request.cpp.o[0m
[3.573s] [ 76%] [32mBuilding CXX object CMakeFiles/husky_hardware.dir/src/horizon_legacy/Number.cpp.o[0m
[3.573s] [ 84%] [32mBuilding CXX object CMakeFiles/husky_hardware.dir/src/horizon_legacy/linux_serial.cpp.o[0m
[3.573s] [ 92%] [32mBuilding CXX object CMakeFiles/husky_hardware.dir/src/horizon_legacy/Transport.cpp.o[0m
[5.496s] [100%] [32m[1mLinking CXX shared library libhusky_hardware.so[0m
[5.677s] [100%] Built target husky_hardware
[5.684s] Invoked command in '/home/gdaniel/husky_ws/build/husky_base' returned '0': CMAKE_PREFIX_PATH=/home/gdaniel/husky_ws/install/husky_msgs:/home/gdaniel/mestrado_ws/install:/home/gdaniel/mestrado_ws/install/husky_desktop:/home/gdaniel/mestrado_ws/install/husky_viz:/home/gdaniel/mestrado_ws/install/husky_simulator:/home/gdaniel/mestrado_ws/install/husky_robot:/home/gdaniel/mestrado_ws/install/husky_bringup:/home/gdaniel/mestrado_ws/install/husky_base:/home/gdaniel/mestrado_ws/install/husky_msgs:/home/gdaniel/mestrado_ws/install/husky_gazebo:/home/gdaniel/mestrado_ws/install/husky_control:/home/gdaniel/mestrado_ws/install/husky_description:/home/gdaniel/husky_ws/install/husky_desktop:/home/gdaniel/husky_ws/install/husky_viz:/home/gdaniel/husky_ws/install/husky_simulator:/home/gdaniel/husky_ws/install/husky_robot:/home/gdaniel/husky_ws/install/husky_bringup:/home/gdaniel/husky_ws/install/husky_base:/home/gdaniel/husky_ws/install/husky_gazebo:/home/gdaniel/husky_ws/install/husky_control:/home/gdaniel/husky_ws/install/husky_description:/opt/ros/foxy LD_LIBRARY_PATH=/home/gdaniel/husky_ws/install/husky_msgs/lib:/home/gdaniel/mestrado_ws/install/husky_base/lib:/home/gdaniel/mestrado_ws/install/husky_msgs/lib:/usr/lib/x86_64-linux-gnu/gazebo-11/plugins:/home/gdaniel/husky_ws/install/husky_base/lib:/opt/ros/foxy/opt/yaml_cpp_vendor/lib:/opt/ros/foxy/opt/rviz_ogre_vendor/lib:/opt/ros/foxy/lib/x86_64-linux-gnu:/opt/ros/foxy/lib PYTHONPATH=/home/gdaniel/husky_ws/install/husky_msgs/lib/python3.8/site-packages:/home/gdaniel/mestrado_ws/install/husky_msgs/lib/python3.8/site-packages:/opt/ros/foxy/lib/python3.8/site-packages /usr/bin/cmake --build /home/gdaniel/husky_ws/build/husky_base -- -j16 -l16
[5.718s] Invoking command in '/home/gdaniel/husky_ws/build/husky_base': CMAKE_PREFIX_PATH=/home/gdaniel/husky_ws/install/husky_msgs:/home/gdaniel/mestrado_ws/install:/home/gdaniel/mestrado_ws/install/husky_desktop:/home/gdaniel/mestrado_ws/install/husky_viz:/home/gdaniel/mestrado_ws/install/husky_simulator:/home/gdaniel/mestrado_ws/install/husky_robot:/home/gdaniel/mestrado_ws/install/husky_bringup:/home/gdaniel/mestrado_ws/install/husky_base:/home/gdaniel/mestrado_ws/install/husky_msgs:/home/gdaniel/mestrado_ws/install/husky_gazebo:/home/gdaniel/mestrado_ws/install/husky_control:/home/gdaniel/mestrado_ws/install/husky_description:/home/gdaniel/husky_ws/install/husky_desktop:/home/gdaniel/husky_ws/install/husky_viz:/home/gdaniel/husky_ws/install/husky_simulator:/home/gdaniel/husky_ws/install/husky_robot:/home/gdaniel/husky_ws/install/husky_bringup:/home/gdaniel/husky_ws/install/husky_base:/home/gdaniel/husky_ws/install/husky_gazebo:/home/gdaniel/husky_ws/install/husky_control:/home/gdaniel/husky_ws/install/husky_description:/opt/ros/foxy LD_LIBRARY_PATH=/home/gdaniel/husky_ws/install/husky_msgs/lib:/home/gdaniel/mestrado_ws/install/husky_base/lib:/home/gdaniel/mestrado_ws/install/husky_msgs/lib:/usr/lib/x86_64-linux-gnu/gazebo-11/plugins:/home/gdaniel/husky_ws/install/husky_base/lib:/opt/ros/foxy/opt/yaml_cpp_vendor/lib:/opt/ros/foxy/opt/rviz_ogre_vendor/lib:/opt/ros/foxy/lib/x86_64-linux-gnu:/opt/ros/foxy/lib PYTHONPATH=/home/gdaniel/husky_ws/install/husky_msgs/lib/python3.8/site-packages:/home/gdaniel/mestrado_ws/install/husky_msgs/lib/python3.8/site-packages:/opt/ros/foxy/lib/python3.8/site-packages /usr/bin/cmake --install /home/gdaniel/husky_ws/build/husky_base
[5.723s] -- Install configuration: ""
[5.723s] -- Installing: /home/gdaniel/husky_ws/install/husky_base/share/husky_base/husky_hardware.xml
[5.723s] -- Installing: /home/gdaniel/husky_ws/install/husky_base/lib/libhusky_hardware.so
[5.725s] -- Set runtime path of "/home/gdaniel/husky_ws/install/husky_base/lib/libhusky_hardware.so" to ""
[5.725s] -- Installing: /home/gdaniel/husky_ws/install/husky_base/include
[5.726s] -- Installing: /home/gdaniel/husky_ws/install/husky_base/include/husky_base
[5.726s] -- Installing: /home/gdaniel/husky_ws/install/husky_base/include/husky_base/horizon_legacy_wrapper.h
[5.726s] -- Installing: /home/gdaniel/husky_ws/install/husky_base/include/husky_base/husky_diagnostics.h
[5.726s] -- Installing: /home/gdaniel/husky_ws/install/husky_base/include/husky_base/husky_status.hpp
[5.726s] -- Installing: /home/gdaniel/husky_ws/install/husky_base/include/husky_base/horizon_legacy
[5.726s] -- Installing: /home/gdaniel/husky_ws/install/husky_base/include/husky_base/horizon_legacy/Message_request.h
[5.726s] -- Installing: /home/gdaniel/husky_ws/install/husky_base/include/husky_base/horizon_legacy/Transport.h
[5.727s] -- Installing: /home/gdaniel/husky_ws/install/husky_base/include/husky_base/horizon_legacy/Message.h
[5.727s] -- Installing: /home/gdaniel/husky_ws/install/husky_base/include/husky_base/horizon_legacy/serial.h
[5.727s] -- Installing: /home/gdaniel/husky_ws/install/husky_base/include/husky_base/horizon_legacy/Exception.h
[5.727s] -- Installing: /home/gdaniel/husky_ws/install/husky_base/include/husky_base/horizon_legacy/Message_cmd.h
[5.727s] -- Installing: /home/gdaniel/husky_ws/install/husky_base/include/husky_base/horizon_legacy/crc.h
[5.727s] -- Installing: /home/gdaniel/husky_ws/install/husky_base/include/husky_base/horizon_legacy/Number.h
[5.727s] -- Installing: /home/gdaniel/husky_ws/install/husky_base/include/husky_base/horizon_legacy/Message_data.h
[5.727s] -- Installing: /home/gdaniel/husky_ws/install/husky_base/include/husky_base/horizon_legacy/clearpath.h
[5.728s] -- Installing: /home/gdaniel/husky_ws/install/husky_base/include/husky_base/horizon_legacy/Logger.h
[5.728s] -- Installing: /home/gdaniel/husky_ws/install/husky_base/include/husky_base/husky_hardware.hpp
[5.728s] -- Installing: /home/gdaniel/husky_ws/install/husky_base/share/husky_base/launch
[5.728s] -- Installing: /home/gdaniel/husky_ws/install/husky_base/share/husky_base/launch/base.launch.py
[5.728s] -- Installing: /home/gdaniel/husky_ws/install/husky_base/share/husky_base/environment/library_path.sh
[5.728s] -- Installing: /home/gdaniel/husky_ws/install/husky_base/share/husky_base/environment/library_path.dsv
[5.728s] -- Installing: /home/gdaniel/husky_ws/install/husky_base/share/ament_index/resource_index/package_run_dependencies/husky_base
[5.729s] -- Installing: /home/gdaniel/husky_ws/install/husky_base/share/ament_index/resource_index/parent_prefix_path/husky_base
[5.729s] -- Installing: /home/gdaniel/husky_ws/install/husky_base/share/husky_base/environment/ament_prefix_path.sh
[5.729s] -- Installing: /home/gdaniel/husky_ws/install/husky_base/share/husky_base/environment/ament_prefix_path.dsv
[5.729s] -- Installing: /home/gdaniel/husky_ws/install/husky_base/share/husky_base/environment/path.sh
[5.729s] -- Installing: /home/gdaniel/husky_ws/install/husky_base/share/husky_base/environment/path.dsv
[5.729s] -- Installing: /home/gdaniel/husky_ws/install/husky_base/share/husky_base/local_setup.bash
[5.729s] -- Installing: /home/gdaniel/husky_ws/install/husky_base/share/husky_base/local_setup.sh
[5.729s] -- Installing: /home/gdaniel/husky_ws/install/husky_base/share/husky_base/local_setup.zsh
[5.729s] -- Installing: /home/gdaniel/husky_ws/install/husky_base/share/husky_base/local_setup.dsv
[5.730s] -- Installing: /home/gdaniel/husky_ws/install/husky_base/share/husky_base/package.dsv
[5.730s] -- Installing: /home/gdaniel/husky_ws/install/husky_base/share/ament_index/resource_index/packages/husky_base
[5.730s] -- Installing: /home/gdaniel/husky_ws/install/husky_base/share/ament_index/resource_index/hardware_interface__pluginlib__plugin/husky_base
[5.730s] -- Installing: /home/gdaniel/husky_ws/install/husky_base/share/husky_base/cmake/ament_cmake_export_include_directories-extras.cmake
[5.730s] -- Installing: /home/gdaniel/husky_ws/install/husky_base/share/husky_base/cmake/ament_cmake_export_libraries-extras.cmake
[5.731s] -- Installing: /home/gdaniel/husky_ws/install/husky_base/share/husky_base/cmake/ament_cmake_export_dependencies-extras.cmake
[5.731s] -- Installing: /home/gdaniel/husky_ws/install/husky_base/share/husky_base/cmake/husky_baseConfig.cmake
[5.731s] -- Installing: /home/gdaniel/husky_ws/install/husky_base/share/husky_base/cmake/husky_baseConfig-version.cmake
[5.731s] -- Installing: /home/gdaniel/husky_ws/install/husky_base/share/husky_base/package.xml
[5.732s] Invoked command in '/home/gdaniel/husky_ws/build/husky_base' returned '0': CMAKE_PREFIX_PATH=/home/gdaniel/husky_ws/install/husky_msgs:/home/gdaniel/mestrado_ws/install:/home/gdaniel/mestrado_ws/install/husky_desktop:/home/gdaniel/mestrado_ws/install/husky_viz:/home/gdaniel/mestrado_ws/install/husky_simulator:/home/gdaniel/mestrado_ws/install/husky_robot:/home/gdaniel/mestrado_ws/install/husky_bringup:/home/gdaniel/mestrado_ws/install/husky_base:/home/gdaniel/mestrado_ws/install/husky_msgs:/home/gdaniel/mestrado_ws/install/husky_gazebo:/home/gdaniel/mestrado_ws/install/husky_control:/home/gdaniel/mestrado_ws/install/husky_description:/home/gdaniel/husky_ws/install/husky_desktop:/home/gdaniel/husky_ws/install/husky_viz:/home/gdaniel/husky_ws/install/husky_simulator:/home/gdaniel/husky_ws/install/husky_robot:/home/gdaniel/husky_ws/install/husky_bringup:/home/gdaniel/husky_ws/install/husky_base:/home/gdaniel/husky_ws/install/husky_gazebo:/home/gdaniel/husky_ws/install/husky_control:/home/gdaniel/husky_ws/install/husky_description:/opt/ros/foxy LD_LIBRARY_PATH=/home/gdaniel/husky_ws/install/husky_msgs/lib:/home/gdaniel/mestrado_ws/install/husky_base/lib:/home/gdaniel/mestrado_ws/install/husky_msgs/lib:/usr/lib/x86_64-linux-gnu/gazebo-11/plugins:/home/gdaniel/husky_ws/install/husky_base/lib:/opt/ros/foxy/opt/yaml_cpp_vendor/lib:/opt/ros/foxy/opt/rviz_ogre_vendor/lib:/opt/ros/foxy/lib/x86_64-linux-gnu:/opt/ros/foxy/lib PYTHONPATH=/home/gdaniel/husky_ws/install/husky_msgs/lib/python3.8/site-packages:/home/gdaniel/mestrado_ws/install/husky_msgs/lib/python3.8/site-packages:/opt/ros/foxy/lib/python3.8/site-packages /usr/bin/cmake --install /home/gdaniel/husky_ws/build/husky_base
