[0.026s] Invoking command in '/home/gdaniel/husky_ws/build/husky_gazebo': CMAKE_PREFIX_PATH=/home/gdaniel/husky_ws/install/husky_control:/home/gdaniel/husky_ws/install/husky_description:/home/gdaniel/mestrado_ws/install:/home/gdaniel/mestrado_ws/install/husky_desktop:/home/gdaniel/mestrado_ws/install/husky_viz:/home/gdaniel/mestrado_ws/install/husky_simulator:/home/gdaniel/mestrado_ws/install/husky_robot:/home/gdaniel/mestrado_ws/install/husky_bringup:/home/gdaniel/mestrado_ws/install/husky_base:/home/gdaniel/mestrado_ws/install/husky_msgs:/home/gdaniel/mestrado_ws/install/husky_gazebo:/home/gdaniel/mestrado_ws/install/husky_control:/home/gdaniel/mestrado_ws/install/husky_description:/home/gdaniel/husky_ws/install/husky_desktop:/home/gdaniel/husky_ws/install/husky_viz:/home/gdaniel/husky_ws/install/husky_simulator:/home/gdaniel/husky_ws/install/husky_robot:/home/gdaniel/husky_ws/install/husky_bringup:/home/gdaniel/husky_ws/install/husky_base:/home/gdaniel/husky_ws/install/husky_msgs:/home/gdaniel/husky_ws/install/husky_gazebo:/opt/ros/foxy /usr/bin/cmake /home/gdaniel/husky_ws/src/husky/husky_gazebo -DCMAKE_INSTALL_PREFIX=/home/gdaniel/husky_ws/install/husky_gazebo
[0.088s] -- The C compiler identification is GNU 9.4.0
[0.168s] -- The CXX compiler identification is GNU 9.4.0
[0.200s] -- Check for working C compiler: /usr/bin/cc
[0.266s] -- Check for working C compiler: /usr/bin/cc -- works
[0.266s] -- Detecting C compiler ABI info
[0.331s] -- Detecting C compiler ABI info - done
[0.337s] -- Detecting C compile features
[0.338s] -- Detecting C compile features - done
[0.339s] -- Check for working CXX compiler: /usr/bin/c++
[0.409s] -- Check for working CXX compiler: /usr/bin/c++ -- works
[0.410s] -- Detecting CXX compiler ABI info
[0.478s] -- Detecting CXX compiler ABI info - done
[0.485s] -- Detecting CXX compile features
[0.485s] -- Detecting CXX compile features - done
[0.487s] -- Found ament_cmake: 0.9.12 (/opt/ros/foxy/share/ament_cmake/cmake)
[0.502s] -- Found PythonInterp: /usr/bin/python3 (found suitable version "3.8.10", minimum required is "3") 
[0.502s] -- Using PYTHON_EXECUTABLE: /usr/bin/python3
[0.624s] -- Found urdf: 2.4.0 (/opt/ros/foxy/share/urdf/cmake)
[0.973s] -- Found xacro: 2.0.7 (/opt/ros/foxy/share/xacro/cmake)
[1.009s] -- Configuring done
[1.011s] -- Generating done
[1.012s] -- Build files have been written to: /home/gdaniel/husky_ws/build/husky_gazebo
[1.016s] Invoked command in '/home/gdaniel/husky_ws/build/husky_gazebo' returned '0': CMAKE_PREFIX_PATH=/home/gdaniel/husky_ws/install/husky_control:/home/gdaniel/husky_ws/install/husky_description:/home/gdaniel/mestrado_ws/install:/home/gdaniel/mestrado_ws/install/husky_desktop:/home/gdaniel/mestrado_ws/install/husky_viz:/home/gdaniel/mestrado_ws/install/husky_simulator:/home/gdaniel/mestrado_ws/install/husky_robot:/home/gdaniel/mestrado_ws/install/husky_bringup:/home/gdaniel/mestrado_ws/install/husky_base:/home/gdaniel/mestrado_ws/install/husky_msgs:/home/gdaniel/mestrado_ws/install/husky_gazebo:/home/gdaniel/mestrado_ws/install/husky_control:/home/gdaniel/mestrado_ws/install/husky_description:/home/gdaniel/husky_ws/install/husky_desktop:/home/gdaniel/husky_ws/install/husky_viz:/home/gdaniel/husky_ws/install/husky_simulator:/home/gdaniel/husky_ws/install/husky_robot:/home/gdaniel/husky_ws/install/husky_bringup:/home/gdaniel/husky_ws/install/husky_base:/home/gdaniel/husky_ws/install/husky_msgs:/home/gdaniel/husky_ws/install/husky_gazebo:/opt/ros/foxy /usr/bin/cmake /home/gdaniel/husky_ws/src/husky/husky_gazebo -DCMAKE_INSTALL_PREFIX=/home/gdaniel/husky_ws/install/husky_gazebo
[1.019s] Invoking command in '/home/gdaniel/husky_ws/build/husky_gazebo': CMAKE_PREFIX_PATH=/home/gdaniel/husky_ws/install/husky_control:/home/gdaniel/husky_ws/install/husky_description:/home/gdaniel/mestrado_ws/install:/home/gdaniel/mestrado_ws/install/husky_desktop:/home/gdaniel/mestrado_ws/install/husky_viz:/home/gdaniel/mestrado_ws/install/husky_simulator:/home/gdaniel/mestrado_ws/install/husky_robot:/home/gdaniel/mestrado_ws/install/husky_bringup:/home/gdaniel/mestrado_ws/install/husky_base:/home/gdaniel/mestrado_ws/install/husky_msgs:/home/gdaniel/mestrado_ws/install/husky_gazebo:/home/gdaniel/mestrado_ws/install/husky_control:/home/gdaniel/mestrado_ws/install/husky_description:/home/gdaniel/husky_ws/install/husky_desktop:/home/gdaniel/husky_ws/install/husky_viz:/home/gdaniel/husky_ws/install/husky_simulator:/home/gdaniel/husky_ws/install/husky_robot:/home/gdaniel/husky_ws/install/husky_bringup:/home/gdaniel/husky_ws/install/husky_base:/home/gdaniel/husky_ws/install/husky_msgs:/home/gdaniel/husky_ws/install/husky_gazebo:/opt/ros/foxy /usr/bin/cmake --build /home/gdaniel/husky_ws/build/husky_gazebo -- -j16 -l16
[1.045s] Invoked command in '/home/gdaniel/husky_ws/build/husky_gazebo' returned '0': CMAKE_PREFIX_PATH=/home/gdaniel/husky_ws/install/husky_control:/home/gdaniel/husky_ws/install/husky_description:/home/gdaniel/mestrado_ws/install:/home/gdaniel/mestrado_ws/install/husky_desktop:/home/gdaniel/mestrado_ws/install/husky_viz:/home/gdaniel/mestrado_ws/install/husky_simulator:/home/gdaniel/mestrado_ws/install/husky_robot:/home/gdaniel/mestrado_ws/install/husky_bringup:/home/gdaniel/mestrado_ws/install/husky_base:/home/gdaniel/mestrado_ws/install/husky_msgs:/home/gdaniel/mestrado_ws/install/husky_gazebo:/home/gdaniel/mestrado_ws/install/husky_control:/home/gdaniel/mestrado_ws/install/husky_description:/home/gdaniel/husky_ws/install/husky_desktop:/home/gdaniel/husky_ws/install/husky_viz:/home/gdaniel/husky_ws/install/husky_simulator:/home/gdaniel/husky_ws/install/husky_robot:/home/gdaniel/husky_ws/install/husky_bringup:/home/gdaniel/husky_ws/install/husky_base:/home/gdaniel/husky_ws/install/husky_msgs:/home/gdaniel/husky_ws/install/husky_gazebo:/opt/ros/foxy /usr/bin/cmake --build /home/gdaniel/husky_ws/build/husky_gazebo -- -j16 -l16
[1.059s] Invoking command in '/home/gdaniel/husky_ws/build/husky_gazebo': CMAKE_PREFIX_PATH=/home/gdaniel/husky_ws/install/husky_control:/home/gdaniel/husky_ws/install/husky_description:/home/gdaniel/mestrado_ws/install:/home/gdaniel/mestrado_ws/install/husky_desktop:/home/gdaniel/mestrado_ws/install/husky_viz:/home/gdaniel/mestrado_ws/install/husky_simulator:/home/gdaniel/mestrado_ws/install/husky_robot:/home/gdaniel/mestrado_ws/install/husky_bringup:/home/gdaniel/mestrado_ws/install/husky_base:/home/gdaniel/mestrado_ws/install/husky_msgs:/home/gdaniel/mestrado_ws/install/husky_gazebo:/home/gdaniel/mestrado_ws/install/husky_control:/home/gdaniel/mestrado_ws/install/husky_description:/home/gdaniel/husky_ws/install/husky_desktop:/home/gdaniel/husky_ws/install/husky_viz:/home/gdaniel/husky_ws/install/husky_simulator:/home/gdaniel/husky_ws/install/husky_robot:/home/gdaniel/husky_ws/install/husky_bringup:/home/gdaniel/husky_ws/install/husky_base:/home/gdaniel/husky_ws/install/husky_msgs:/home/gdaniel/husky_ws/install/husky_gazebo:/opt/ros/foxy /usr/bin/cmake --install /home/gdaniel/husky_ws/build/husky_gazebo
[1.064s] -- Install configuration: ""
[1.064s] -- Installing: /home/gdaniel/husky_ws/install/husky_gazebo/share/husky_gazebo/launch
[1.065s] -- Installing: /home/gdaniel/husky_ws/install/husky_gazebo/share/husky_gazebo/launch/husky_empty_world.launch
[1.065s] -- Installing: /home/gdaniel/husky_ws/install/husky_gazebo/share/husky_gazebo/launch/realsense.launch
[1.065s] -- Installing: /home/gdaniel/husky_ws/install/husky_gazebo/share/husky_gazebo/launch/playpen.launch
[1.065s] -- Installing: /home/gdaniel/husky_ws/install/husky_gazebo/share/husky_gazebo/launch/spawn_husky.launch
[1.065s] -- Installing: /home/gdaniel/husky_ws/install/husky_gazebo/share/husky_gazebo/launch/multi_husky_playpen.launch
[1.066s] -- Installing: /home/gdaniel/husky_ws/install/husky_gazebo/share/husky_gazebo/launch/gazebo.launch.py
[1.066s] -- Installing: /home/gdaniel/husky_ws/install/husky_gazebo/share/husky_gazebo/launch/husky_playpen.launch.py
[1.066s] -- Installing: /home/gdaniel/husky_ws/install/husky_gazebo/share/husky_gazebo/launch/husky_playpen.launch
[1.066s] -- Installing: /home/gdaniel/husky_ws/install/husky_gazebo/share/husky_gazebo/worlds
[1.066s] -- Installing: /home/gdaniel/husky_ws/install/husky_gazebo/share/husky_gazebo/worlds/clearpath_playpen.world
[1.066s] -- Installing: /home/gdaniel/husky_ws/install/husky_gazebo/share/ament_index/resource_index/package_run_dependencies/husky_gazebo
[1.066s] -- Installing: /home/gdaniel/husky_ws/install/husky_gazebo/share/ament_index/resource_index/parent_prefix_path/husky_gazebo
[1.067s] -- Installing: /home/gdaniel/husky_ws/install/husky_gazebo/share/husky_gazebo/environment/ament_prefix_path.sh
[1.067s] -- Installing: /home/gdaniel/husky_ws/install/husky_gazebo/share/husky_gazebo/environment/ament_prefix_path.dsv
[1.067s] -- Installing: /home/gdaniel/husky_ws/install/husky_gazebo/share/husky_gazebo/environment/path.sh
[1.067s] -- Installing: /home/gdaniel/husky_ws/install/husky_gazebo/share/husky_gazebo/environment/path.dsv
[1.067s] -- Installing: /home/gdaniel/husky_ws/install/husky_gazebo/share/husky_gazebo/local_setup.bash
[1.067s] -- Installing: /home/gdaniel/husky_ws/install/husky_gazebo/share/husky_gazebo/local_setup.sh
[1.067s] -- Installing: /home/gdaniel/husky_ws/install/husky_gazebo/share/husky_gazebo/local_setup.zsh
[1.068s] -- Installing: /home/gdaniel/husky_ws/install/husky_gazebo/share/husky_gazebo/local_setup.dsv
[1.068s] -- Installing: /home/gdaniel/husky_ws/install/husky_gazebo/share/husky_gazebo/package.dsv
[1.068s] -- Installing: /home/gdaniel/husky_ws/install/husky_gazebo/share/ament_index/resource_index/packages/husky_gazebo
[1.068s] -- Installing: /home/gdaniel/husky_ws/install/husky_gazebo/share/husky_gazebo/cmake/husky_gazeboConfig.cmake
[1.068s] -- Installing: /home/gdaniel/husky_ws/install/husky_gazebo/share/husky_gazebo/cmake/husky_gazeboConfig-version.cmake
[1.068s] -- Installing: /home/gdaniel/husky_ws/install/husky_gazebo/share/husky_gazebo/package.xml
[1.070s] Invoked command in '/home/gdaniel/husky_ws/build/husky_gazebo' returned '0': CMAKE_PREFIX_PATH=/home/gdaniel/husky_ws/install/husky_control:/home/gdaniel/husky_ws/install/husky_description:/home/gdaniel/mestrado_ws/install:/home/gdaniel/mestrado_ws/install/husky_desktop:/home/gdaniel/mestrado_ws/install/husky_viz:/home/gdaniel/mestrado_ws/install/husky_simulator:/home/gdaniel/mestrado_ws/install/husky_robot:/home/gdaniel/mestrado_ws/install/husky_bringup:/home/gdaniel/mestrado_ws/install/husky_base:/home/gdaniel/mestrado_ws/install/husky_msgs:/home/gdaniel/mestrado_ws/install/husky_gazebo:/home/gdaniel/mestrado_ws/install/husky_control:/home/gdaniel/mestrado_ws/install/husky_description:/home/gdaniel/husky_ws/install/husky_desktop:/home/gdaniel/husky_ws/install/husky_viz:/home/gdaniel/husky_ws/install/husky_simulator:/home/gdaniel/husky_ws/install/husky_robot:/home/gdaniel/husky_ws/install/husky_bringup:/home/gdaniel/husky_ws/install/husky_base:/home/gdaniel/husky_ws/install/husky_msgs:/home/gdaniel/husky_ws/install/husky_gazebo:/opt/ros/foxy /usr/bin/cmake --install /home/gdaniel/husky_ws/build/husky_gazebo
