[0.011s] Invoking command in '/home/gdaniel/husky_ws/build/husky_msgs': CMAKE_PREFIX_PATH=${CMAKE_PREFIX_PATH}:/home/gdaniel/mestrado_ws/install/husky_desktop:/home/gdaniel/mestrado_ws/install/husky_viz:/home/gdaniel/mestrado_ws/install/husky_simulator:/home/gdaniel/mestrado_ws/install/husky_robot:/home/gdaniel/mestrado_ws/install/husky_bringup:/home/gdaniel/mestrado_ws/install/husky_base:/home/gdaniel/mestrado_ws/install/husky_msgs:/home/gdaniel/mestrado_ws/install/husky_gazebo:/home/gdaniel/mestrado_ws/install/husky_control:/home/gdaniel/mestrado_ws/install/husky_description:/home/gdaniel/husky_ws/install/husky_desktop:/home/gdaniel/husky_ws/install/husky_viz:/home/gdaniel/husky_ws/install/husky_simulator:/home/gdaniel/husky_ws/install/husky_robot:/home/gdaniel/husky_ws/install/husky_bringup:/home/gdaniel/husky_ws/install/husky_base:/home/gdaniel/husky_ws/install/husky_msgs:/home/gdaniel/husky_ws/install/husky_gazebo:/home/gdaniel/husky_ws/install/husky_control:/home/gdaniel/husky_ws/install/husky_description:/opt/ros/foxy /usr/bin/cmake /home/gdaniel/husky_ws/src/husky/husky_msgs -DCMAKE_INSTALL_PREFIX=/home/gdaniel/husky_ws/install/husky_msgs
[0.154s] -- The C compiler identification is GNU 9.4.0
[0.288s] -- The CXX compiler identification is GNU 9.4.0
[0.314s] -- Check for working C compiler: /usr/bin/cc
[0.376s] -- Check for working C compiler: /usr/bin/cc -- works
[0.378s] -- Detecting C compiler ABI info
[0.436s] -- Detecting C compiler ABI info - done
[0.443s] -- Detecting C compile features
[0.443s] -- Detecting C compile features - done
[0.446s] -- Check for working CXX compiler: /usr/bin/c++
[0.508s] -- Check for working CXX compiler: /usr/bin/c++ -- works
[0.509s] -- Detecting CXX compiler ABI info
[0.572s] -- Detecting CXX compiler ABI info - done
[0.578s] -- Detecting CXX compile features
[0.578s] -- Detecting CXX compile features - done
[0.588s] -- Found ament_cmake: 0.9.12 (/opt/ros/foxy/share/ament_cmake/cmake)
[0.607s] -- Found PythonInterp: /usr/bin/python3 (found suitable version "3.8.10", minimum required is "3") 
[0.607s] -- Using PYTHON_EXECUTABLE: /usr/bin/python3
[0.742s] -- Found std_msgs: 2.0.5 (/opt/ros/foxy/share/std_msgs/cmake)
[0.812s] -- Using all available rosidl_typesupport_c: rosidl_typesupport_fastrtps_c;rosidl_typesupport_introspection_c
[0.819s] -- Found rosidl_adapter: 1.3.1 (/opt/ros/foxy/share/rosidl_adapter/cmake)
[1.155s] -- Found OpenSSL: /usr/lib/x86_64-linux-gnu/libcrypto.so (found version "1.1.1f")  
[1.462s] -- Found FastRTPS: /opt/ros/foxy/include  
[2.058s] -- Using all available rosidl_typesupport_cpp: rosidl_typesupport_fastrtps_cpp;rosidl_typesupport_introspection_cpp
[2.101s] -- Found rosidl_default_generators: 1.0.1 (/opt/ros/foxy/share/rosidl_default_generators/cmake)
[2.125s] -- Found PythonInterp: /usr/bin/python3 (found version "3.8.10") 
[2.225s] -- Found ament_cmake_ros: 0.9.2 (/opt/ros/foxy/share/ament_cmake_ros/cmake)
[3.379s] -- Using all available rosidl_typesupport_c: rosidl_typesupport_fastrtps_c;rosidl_typesupport_introspection_c
[3.424s] -- Using all available rosidl_typesupport_cpp: rosidl_typesupport_fastrtps_cpp;rosidl_typesupport_introspection_cpp
[3.440s] -- Found PythonInterp: /usr/bin/python3 (found suitable version "3.8.10", minimum required is "3.5") 
[3.443s] -- Found python_cmake_module: 0.8.1 (/opt/ros/foxy/share/python_cmake_module/cmake)
[3.547s] -- Found PythonLibs: /usr/lib/x86_64-linux-gnu/libpython3.8.so (found suitable version "3.8.10", minimum required is "3.5") 
[3.547s] -- Using PYTHON_EXECUTABLE: /usr/bin/python3
[3.547s] -- Using PYTHON_INCLUDE_DIRS: /usr/include/python3.8
[3.547s] -- Using PYTHON_LIBRARIES: /usr/lib/x86_64-linux-gnu/libpython3.8.so
[3.560s] -- Found PythonExtra: .so  
[3.624s] -- Configuring done
[3.665s] -- Generating done
[3.667s] -- Build files have been written to: /home/gdaniel/husky_ws/build/husky_msgs
[3.674s] Invoked command in '/home/gdaniel/husky_ws/build/husky_msgs' returned '0': CMAKE_PREFIX_PATH=${CMAKE_PREFIX_PATH}:/home/gdaniel/mestrado_ws/install/husky_desktop:/home/gdaniel/mestrado_ws/install/husky_viz:/home/gdaniel/mestrado_ws/install/husky_simulator:/home/gdaniel/mestrado_ws/install/husky_robot:/home/gdaniel/mestrado_ws/install/husky_bringup:/home/gdaniel/mestrado_ws/install/husky_base:/home/gdaniel/mestrado_ws/install/husky_msgs:/home/gdaniel/mestrado_ws/install/husky_gazebo:/home/gdaniel/mestrado_ws/install/husky_control:/home/gdaniel/mestrado_ws/install/husky_description:/home/gdaniel/husky_ws/install/husky_desktop:/home/gdaniel/husky_ws/install/husky_viz:/home/gdaniel/husky_ws/install/husky_simulator:/home/gdaniel/husky_ws/install/husky_robot:/home/gdaniel/husky_ws/install/husky_bringup:/home/gdaniel/husky_ws/install/husky_base:/home/gdaniel/husky_ws/install/husky_msgs:/home/gdaniel/husky_ws/install/husky_gazebo:/home/gdaniel/husky_ws/install/husky_control:/home/gdaniel/husky_ws/install/husky_description:/opt/ros/foxy /usr/bin/cmake /home/gdaniel/husky_ws/src/husky/husky_msgs -DCMAKE_INSTALL_PREFIX=/home/gdaniel/husky_ws/install/husky_msgs
[3.676s] Invoking command in '/home/gdaniel/husky_ws/build/husky_msgs': CMAKE_PREFIX_PATH=${CMAKE_PREFIX_PATH}:/home/gdaniel/mestrado_ws/install/husky_desktop:/home/gdaniel/mestrado_ws/install/husky_viz:/home/gdaniel/mestrado_ws/install/husky_simulator:/home/gdaniel/mestrado_ws/install/husky_robot:/home/gdaniel/mestrado_ws/install/husky_bringup:/home/gdaniel/mestrado_ws/install/husky_base:/home/gdaniel/mestrado_ws/install/husky_msgs:/home/gdaniel/mestrado_ws/install/husky_gazebo:/home/gdaniel/mestrado_ws/install/husky_control:/home/gdaniel/mestrado_ws/install/husky_description:/home/gdaniel/husky_ws/install/husky_desktop:/home/gdaniel/husky_ws/install/husky_viz:/home/gdaniel/husky_ws/install/husky_simulator:/home/gdaniel/husky_ws/install/husky_robot:/home/gdaniel/husky_ws/install/husky_bringup:/home/gdaniel/husky_ws/install/husky_base:/home/gdaniel/husky_ws/install/husky_msgs:/home/gdaniel/husky_ws/install/husky_gazebo:/home/gdaniel/husky_ws/install/husky_control:/home/gdaniel/husky_ws/install/husky_description:/opt/ros/foxy /usr/bin/cmake --build /home/gdaniel/husky_ws/build/husky_msgs -- -j16 -l16
[3.703s] [35m[1mScanning dependencies of target husky_msgs__cpp[0m
[3.704s] [  3%] [34m[1mGenerating C code for ROS interfaces[0m
[3.710s] [  6%] [34m[1mGenerating C++ code for ROS interfaces[0m
[3.908s] [  6%] Built target husky_msgs__cpp
[3.909s] [35m[1mScanning dependencies of target husky_msgs__rosidl_generator_c[0m
[3.915s] [ 12%] [34m[1mGenerating C++ introspection for ROS interfaces[0m
[3.915s] [ 12%] [34m[1mGenerating C++ type support dispatch for ROS interfaces[0m
[3.915s] [ 16%] [34m[1mGenerating C++ type support for eProsima Fast-RTPS[0m
[3.924s] [ 19%] [32mBuilding C object CMakeFiles/husky_msgs__rosidl_generator_c.dir/rosidl_generator_c/husky_msgs/msg/detail/husky_status__functions.c.o[0m
[3.973s] [ 22%] [32m[1mLinking C shared library libhusky_msgs__rosidl_generator_c.so[0m
[4.024s] [ 22%] Built target husky_msgs__rosidl_generator_c
[4.031s] [ 29%] [34m[1mGenerating C introspection for ROS interfaces[0m
[4.032s] [ 29%] [34m[1mGenerating C type support dispatch for ROS interfaces[0m
[4.093s] [35m[1mScanning dependencies of target husky_msgs__rosidl_typesupport_cpp[0m
[4.109s] [ 32%] [32mBuilding CXX object CMakeFiles/husky_msgs__rosidl_typesupport_cpp.dir/rosidl_typesupport_cpp/husky_msgs/msg/husky_status__type_support.cpp.o[0m
[4.119s] [35m[1mScanning dependencies of target husky_msgs__rosidl_typesupport_fastrtps_cpp[0m
[4.121s] [35m[1mScanning dependencies of target husky_msgs__rosidl_typesupport_introspection_cpp[0m
[4.133s] [ 38%] [32mBuilding CXX object CMakeFiles/husky_msgs__rosidl_typesupport_fastrtps_cpp.dir/rosidl_typesupport_fastrtps_cpp/husky_msgs/msg/detail/dds_fastrtps/husky_status__type_support.cpp.o[0m
[4.133s] [ 38%] [32mBuilding CXX object CMakeFiles/husky_msgs__rosidl_typesupport_introspection_cpp.dir/rosidl_typesupport_introspection_cpp/husky_msgs/msg/detail/husky_status__type_support.cpp.o[0m
[4.216s] [35m[1mScanning dependencies of target husky_msgs__rosidl_typesupport_c[0m
[4.229s] [ 41%] [32mBuilding CXX object CMakeFiles/husky_msgs__rosidl_typesupport_c.dir/rosidl_typesupport_c/husky_msgs/msg/husky_status__type_support.cpp.o[0m
[4.231s] [35m[1mScanning dependencies of target husky_msgs__rosidl_typesupport_introspection_c[0m
[4.241s] [ 45%] [32mBuilding C object CMakeFiles/husky_msgs__rosidl_typesupport_introspection_c.dir/rosidl_typesupport_introspection_c/husky_msgs/msg/detail/husky_status__type_support.c.o[0m
[4.251s] [ 48%] [32m[1mLinking CXX shared library libhusky_msgs__rosidl_typesupport_c.so[0m
[4.267s] [ 51%] [32m[1mLinking C shared library libhusky_msgs__rosidl_typesupport_introspection_c.so[0m
[4.303s] [ 51%] Built target husky_msgs__rosidl_typesupport_c
[4.306s] [ 51%] Built target husky_msgs__rosidl_typesupport_introspection_c
[4.323s] [ 54%] [32m[1mLinking CXX shared library libhusky_msgs__rosidl_typesupport_cpp.so[0m
[4.328s] [ 58%] [32m[1mLinking CXX shared library libhusky_msgs__rosidl_typesupport_introspection_cpp.so[0m
[4.368s] [ 58%] Built target husky_msgs__rosidl_typesupport_cpp
[4.385s] [ 58%] Built target husky_msgs__rosidl_typesupport_introspection_cpp
[4.422s] [ 61%] [32m[1mLinking CXX shared library libhusky_msgs__rosidl_typesupport_fastrtps_cpp.so[0m
[4.495s] [ 61%] Built target husky_msgs__rosidl_typesupport_fastrtps_cpp
[4.502s] [ 64%] [34m[1mGenerating C type support for eProsima Fast-RTPS[0m
[4.691s] [35m[1mScanning dependencies of target husky_msgs__rosidl_typesupport_fastrtps_c[0m
[4.703s] [ 67%] [32mBuilding CXX object CMakeFiles/husky_msgs__rosidl_typesupport_fastrtps_c.dir/rosidl_typesupport_fastrtps_c/husky_msgs/msg/detail/husky_status__type_support_c.cpp.o[0m
[4.925s] [ 70%] [32m[1mLinking CXX shared library libhusky_msgs__rosidl_typesupport_fastrtps_c.so[0m
[4.996s] [ 70%] Built target husky_msgs__rosidl_typesupport_fastrtps_c
[5.002s] [35m[1mScanning dependencies of target husky_msgs[0m
[5.009s] [ 70%] Built target husky_msgs
[5.015s] [35m[1mScanning dependencies of target husky_msgs__py[0m
[5.022s] [ 74%] [34m[1mGenerating Python code for ROS interfaces[0m
[5.418s] [ 74%] Built target husky_msgs__py
[5.424s] [35m[1mScanning dependencies of target husky_msgs__python[0m
[5.451s] [ 77%] [32mBuilding C object CMakeFiles/husky_msgs__python.dir/rosidl_generator_py/husky_msgs/msg/_husky_status_s.c.o[0m
[5.523s] [ 80%] [32m[1mLinking C shared library rosidl_generator_py/husky_msgs/libhusky_msgs__python.so[0m
[5.567s] [ 80%] Built target husky_msgs__python
[5.574s] [35m[1mScanning dependencies of target husky_msgs__rosidl_typesupport_introspection_c__pyext[0m
[5.574s] [35m[1mScanning dependencies of target husky_msgs__rosidl_typesupport_c__pyext[0m
[5.574s] [35m[1mScanning dependencies of target husky_msgs__rosidl_typesupport_fastrtps_c__pyext[0m
[5.586s] [ 87%] [32mBuilding C object CMakeFiles/husky_msgs__rosidl_typesupport_c__pyext.dir/rosidl_generator_py/husky_msgs/_husky_msgs_s.ep.rosidl_typesupport_c.c.o[0m
[5.586s] [ 87%] [32mBuilding C object CMakeFiles/husky_msgs__rosidl_typesupport_introspection_c__pyext.dir/rosidl_generator_py/husky_msgs/_husky_msgs_s.ep.rosidl_typesupport_introspection_c.c.o[0m
[5.586s] [ 90%] [32mBuilding C object CMakeFiles/husky_msgs__rosidl_typesupport_fastrtps_c__pyext.dir/rosidl_generator_py/husky_msgs/_husky_msgs_s.ep.rosidl_typesupport_fastrtps_c.c.o[0m
[5.638s] [ 93%] [32m[1mLinking CXX shared library rosidl_generator_py/husky_msgs/husky_msgs_s__rosidl_typesupport_fastrtps_c.cpython-38-x86_64-linux-gnu.so[0m
[5.640s] [100%] [32m[1mLinking C shared library rosidl_generator_py/husky_msgs/husky_msgs_s__rosidl_typesupport_c.cpython-38-x86_64-linux-gnu.so[0m
[5.641s] [100%] [32m[1mLinking C shared library rosidl_generator_py/husky_msgs/husky_msgs_s__rosidl_typesupport_introspection_c.cpython-38-x86_64-linux-gnu.so[0m
[5.677s] [100%] Built target husky_msgs__rosidl_typesupport_introspection_c__pyext
[5.677s] [100%] Built target husky_msgs__rosidl_typesupport_c__pyext
[5.693s] [100%] Built target husky_msgs__rosidl_typesupport_fastrtps_c__pyext
[5.703s] Invoked command in '/home/gdaniel/husky_ws/build/husky_msgs' returned '0': CMAKE_PREFIX_PATH=${CMAKE_PREFIX_PATH}:/home/gdaniel/mestrado_ws/install/husky_desktop:/home/gdaniel/mestrado_ws/install/husky_viz:/home/gdaniel/mestrado_ws/install/husky_simulator:/home/gdaniel/mestrado_ws/install/husky_robot:/home/gdaniel/mestrado_ws/install/husky_bringup:/home/gdaniel/mestrado_ws/install/husky_base:/home/gdaniel/mestrado_ws/install/husky_msgs:/home/gdaniel/mestrado_ws/install/husky_gazebo:/home/gdaniel/mestrado_ws/install/husky_control:/home/gdaniel/mestrado_ws/install/husky_description:/home/gdaniel/husky_ws/install/husky_desktop:/home/gdaniel/husky_ws/install/husky_viz:/home/gdaniel/husky_ws/install/husky_simulator:/home/gdaniel/husky_ws/install/husky_robot:/home/gdaniel/husky_ws/install/husky_bringup:/home/gdaniel/husky_ws/install/husky_base:/home/gdaniel/husky_ws/install/husky_msgs:/home/gdaniel/husky_ws/install/husky_gazebo:/home/gdaniel/husky_ws/install/husky_control:/home/gdaniel/husky_ws/install/husky_description:/opt/ros/foxy /usr/bin/cmake --build /home/gdaniel/husky_ws/build/husky_msgs -- -j16 -l16
[5.740s] Invoking command in '/home/gdaniel/husky_ws/build/husky_msgs': CMAKE_PREFIX_PATH=${CMAKE_PREFIX_PATH}:/home/gdaniel/mestrado_ws/install/husky_desktop:/home/gdaniel/mestrado_ws/install/husky_viz:/home/gdaniel/mestrado_ws/install/husky_simulator:/home/gdaniel/mestrado_ws/install/husky_robot:/home/gdaniel/mestrado_ws/install/husky_bringup:/home/gdaniel/mestrado_ws/install/husky_base:/home/gdaniel/mestrado_ws/install/husky_msgs:/home/gdaniel/mestrado_ws/install/husky_gazebo:/home/gdaniel/mestrado_ws/install/husky_control:/home/gdaniel/mestrado_ws/install/husky_description:/home/gdaniel/husky_ws/install/husky_desktop:/home/gdaniel/husky_ws/install/husky_viz:/home/gdaniel/husky_ws/install/husky_simulator:/home/gdaniel/husky_ws/install/husky_robot:/home/gdaniel/husky_ws/install/husky_bringup:/home/gdaniel/husky_ws/install/husky_base:/home/gdaniel/husky_ws/install/husky_msgs:/home/gdaniel/husky_ws/install/husky_gazebo:/home/gdaniel/husky_ws/install/husky_control:/home/gdaniel/husky_ws/install/husky_description:/opt/ros/foxy /usr/bin/cmake --install /home/gdaniel/husky_ws/build/husky_msgs
[5.745s] -- Install configuration: ""
[5.747s] -- Installing: /home/gdaniel/husky_ws/install/husky_msgs/share/ament_index/resource_index/rosidl_interfaces/husky_msgs
[5.747s] -- Installing: /home/gdaniel/husky_ws/install/husky_msgs/include/husky_msgs
[5.748s] -- Installing: /home/gdaniel/husky_ws/install/husky_msgs/include/husky_msgs/msg
[5.748s] -- Installing: /home/gdaniel/husky_ws/install/husky_msgs/include/husky_msgs/msg/rosidl_generator_c__visibility_control.h
[5.748s] -- Installing: /home/gdaniel/husky_ws/install/husky_msgs/include/husky_msgs/msg/husky_status.h
[5.748s] -- Installing: /home/gdaniel/husky_ws/install/husky_msgs/include/husky_msgs/msg/detail
[5.748s] -- Installing: /home/gdaniel/husky_ws/install/husky_msgs/include/husky_msgs/msg/detail/husky_status__functions.h
[5.748s] -- Installing: /home/gdaniel/husky_ws/install/husky_msgs/include/husky_msgs/msg/detail/husky_status__struct.h
[5.749s] -- Installing: /home/gdaniel/husky_ws/install/husky_msgs/include/husky_msgs/msg/detail/husky_status__functions.c
[5.749s] -- Installing: /home/gdaniel/husky_ws/install/husky_msgs/include/husky_msgs/msg/detail/husky_status__type_support.h
[5.749s] -- Installing: /home/gdaniel/husky_ws/install/husky_msgs/share/husky_msgs/environment/library_path.sh
[5.749s] -- Installing: /home/gdaniel/husky_ws/install/husky_msgs/share/husky_msgs/environment/library_path.dsv
[5.749s] -- Installing: /home/gdaniel/husky_ws/install/husky_msgs/lib/libhusky_msgs__rosidl_generator_c.so
[5.750s] -- Set runtime path of "/home/gdaniel/husky_ws/install/husky_msgs/lib/libhusky_msgs__rosidl_generator_c.so" to ""
[5.750s] -- Up-to-date: /home/gdaniel/husky_ws/install/husky_msgs/include/husky_msgs
[5.750s] -- Up-to-date: /home/gdaniel/husky_ws/install/husky_msgs/include/husky_msgs/msg
[5.750s] -- Installing: /home/gdaniel/husky_ws/install/husky_msgs/include/husky_msgs/msg/rosidl_typesupport_fastrtps_c__visibility_control.h
[5.750s] -- Up-to-date: /home/gdaniel/husky_ws/install/husky_msgs/include/husky_msgs/msg/detail
[5.750s] -- Installing: /home/gdaniel/husky_ws/install/husky_msgs/include/husky_msgs/msg/detail/husky_status__rosidl_typesupport_fastrtps_c.h
[5.750s] -- Installing: /home/gdaniel/husky_ws/install/husky_msgs/lib/libhusky_msgs__rosidl_typesupport_fastrtps_c.so
[5.750s] -- Set runtime path of "/home/gdaniel/husky_ws/install/husky_msgs/lib/libhusky_msgs__rosidl_typesupport_fastrtps_c.so" to ""
[5.751s] -- Up-to-date: /home/gdaniel/husky_ws/install/husky_msgs/include/husky_msgs
[5.751s] -- Up-to-date: /home/gdaniel/husky_ws/install/husky_msgs/include/husky_msgs/msg
[5.751s] -- Installing: /home/gdaniel/husky_ws/install/husky_msgs/include/husky_msgs/msg/rosidl_typesupport_fastrtps_cpp__visibility_control.h
[5.751s] -- Up-to-date: /home/gdaniel/husky_ws/install/husky_msgs/include/husky_msgs/msg/detail
[5.751s] -- Installing: /home/gdaniel/husky_ws/install/husky_msgs/include/husky_msgs/msg/detail/dds_fastrtps
[5.751s] -- Installing: /home/gdaniel/husky_ws/install/husky_msgs/include/husky_msgs/msg/detail/husky_status__rosidl_typesupport_fastrtps_cpp.hpp
[5.751s] -- Installing: /home/gdaniel/husky_ws/install/husky_msgs/lib/libhusky_msgs__rosidl_typesupport_fastrtps_cpp.so
[5.751s] -- Set runtime path of "/home/gdaniel/husky_ws/install/husky_msgs/lib/libhusky_msgs__rosidl_typesupport_fastrtps_cpp.so" to ""
[5.751s] -- Up-to-date: /home/gdaniel/husky_ws/install/husky_msgs/include/husky_msgs
[5.751s] -- Up-to-date: /home/gdaniel/husky_ws/install/husky_msgs/include/husky_msgs/msg
[5.752s] -- Up-to-date: /home/gdaniel/husky_ws/install/husky_msgs/include/husky_msgs/msg/detail
[5.752s] -- Installing: /home/gdaniel/husky_ws/install/husky_msgs/include/husky_msgs/msg/detail/husky_status__type_support.c
[5.752s] -- Installing: /home/gdaniel/husky_ws/install/husky_msgs/include/husky_msgs/msg/detail/husky_status__rosidl_typesupport_introspection_c.h
[5.752s] -- Installing: /home/gdaniel/husky_ws/install/husky_msgs/include/husky_msgs/msg/rosidl_typesupport_introspection_c__visibility_control.h
[5.752s] -- Installing: /home/gdaniel/husky_ws/install/husky_msgs/lib/libhusky_msgs__rosidl_typesupport_introspection_c.so
[5.752s] -- Set runtime path of "/home/gdaniel/husky_ws/install/husky_msgs/lib/libhusky_msgs__rosidl_typesupport_introspection_c.so" to ""
[5.752s] -- Installing: /home/gdaniel/husky_ws/install/husky_msgs/lib/libhusky_msgs__rosidl_typesupport_c.so
[5.752s] -- Set runtime path of "/home/gdaniel/husky_ws/install/husky_msgs/lib/libhusky_msgs__rosidl_typesupport_c.so" to ""
[5.752s] -- Up-to-date: /home/gdaniel/husky_ws/install/husky_msgs/include/husky_msgs
[5.753s] -- Up-to-date: /home/gdaniel/husky_ws/install/husky_msgs/include/husky_msgs/msg
[5.753s] -- Installing: /home/gdaniel/husky_ws/install/husky_msgs/include/husky_msgs/msg/husky_status.hpp
[5.753s] -- Up-to-date: /home/gdaniel/husky_ws/install/husky_msgs/include/husky_msgs/msg/detail
[5.753s] -- Installing: /home/gdaniel/husky_ws/install/husky_msgs/include/husky_msgs/msg/detail/husky_status__builder.hpp
[5.753s] -- Installing: /home/gdaniel/husky_ws/install/husky_msgs/include/husky_msgs/msg/detail/husky_status__traits.hpp
[5.753s] -- Installing: /home/gdaniel/husky_ws/install/husky_msgs/include/husky_msgs/msg/detail/husky_status__type_support.hpp
[5.753s] -- Installing: /home/gdaniel/husky_ws/install/husky_msgs/include/husky_msgs/msg/detail/husky_status__struct.hpp
[5.753s] -- Installing: /home/gdaniel/husky_ws/install/husky_msgs/include/husky_msgs/msg/rosidl_generator_cpp__visibility_control.hpp
[5.753s] -- Up-to-date: /home/gdaniel/husky_ws/install/husky_msgs/include/husky_msgs
[5.753s] -- Up-to-date: /home/gdaniel/husky_ws/install/husky_msgs/include/husky_msgs/msg
[5.753s] -- Up-to-date: /home/gdaniel/husky_ws/install/husky_msgs/include/husky_msgs/msg/detail
[5.754s] -- Installing: /home/gdaniel/husky_ws/install/husky_msgs/include/husky_msgs/msg/detail/husky_status__type_support.cpp
[5.754s] -- Installing: /home/gdaniel/husky_ws/install/husky_msgs/include/husky_msgs/msg/detail/husky_status__rosidl_typesupport_introspection_cpp.hpp
[5.754s] -- Installing: /home/gdaniel/husky_ws/install/husky_msgs/lib/libhusky_msgs__rosidl_typesupport_introspection_cpp.so
[5.754s] -- Set runtime path of "/home/gdaniel/husky_ws/install/husky_msgs/lib/libhusky_msgs__rosidl_typesupport_introspection_cpp.so" to ""
[5.754s] -- Installing: /home/gdaniel/husky_ws/install/husky_msgs/lib/libhusky_msgs__rosidl_typesupport_cpp.so
[5.754s] -- Set runtime path of "/home/gdaniel/husky_ws/install/husky_msgs/lib/libhusky_msgs__rosidl_typesupport_cpp.so" to ""
[5.754s] -- Installing: /home/gdaniel/husky_ws/install/husky_msgs/share/husky_msgs/environment/pythonpath.sh
[5.754s] -- Installing: /home/gdaniel/husky_ws/install/husky_msgs/share/husky_msgs/environment/pythonpath.dsv
[5.755s] -- Installing: /home/gdaniel/husky_ws/install/husky_msgs/lib/python3.8/site-packages/husky_msgs/__init__.py
[5.773s] Compiling '/home/gdaniel/husky_ws/install/husky_msgs/lib/python3.8/site-packages/husky_msgs/__init__.py'...
[5.776s] -- Installing: /home/gdaniel/husky_ws/install/husky_msgs/lib/python3.8/site-packages/husky_msgs/msg
[5.776s] -- Installing: /home/gdaniel/husky_ws/install/husky_msgs/lib/python3.8/site-packages/husky_msgs/msg/__init__.py
[5.776s] -- Installing: /home/gdaniel/husky_ws/install/husky_msgs/lib/python3.8/site-packages/husky_msgs/msg/_husky_status.py
[5.776s] -- Installing: /home/gdaniel/husky_ws/install/husky_msgs/lib/python3.8/site-packages/husky_msgs/msg/_husky_status_s.c
[5.776s] -- Installing: /home/gdaniel/husky_ws/install/husky_msgs/lib/python3.8/site-packages/husky_msgs/husky_msgs_s__rosidl_typesupport_fastrtps_c.cpython-38-x86_64-linux-gnu.so
[5.777s] -- Set runtime path of "/home/gdaniel/husky_ws/install/husky_msgs/lib/python3.8/site-packages/husky_msgs/husky_msgs_s__rosidl_typesupport_fastrtps_c.cpython-38-x86_64-linux-gnu.so" to ""
[5.777s] -- Installing: /home/gdaniel/husky_ws/install/husky_msgs/lib/python3.8/site-packages/husky_msgs/husky_msgs_s__rosidl_typesupport_introspection_c.cpython-38-x86_64-linux-gnu.so
[5.777s] -- Set runtime path of "/home/gdaniel/husky_ws/install/husky_msgs/lib/python3.8/site-packages/husky_msgs/husky_msgs_s__rosidl_typesupport_introspection_c.cpython-38-x86_64-linux-gnu.so" to ""
[5.777s] -- Installing: /home/gdaniel/husky_ws/install/husky_msgs/lib/python3.8/site-packages/husky_msgs/husky_msgs_s__rosidl_typesupport_c.cpython-38-x86_64-linux-gnu.so
[5.778s] -- Set runtime path of "/home/gdaniel/husky_ws/install/husky_msgs/lib/python3.8/site-packages/husky_msgs/husky_msgs_s__rosidl_typesupport_c.cpython-38-x86_64-linux-gnu.so" to ""
[5.778s] -- Installing: /home/gdaniel/husky_ws/install/husky_msgs/lib/libhusky_msgs__python.so
[5.778s] -- Set runtime path of "/home/gdaniel/husky_ws/install/husky_msgs/lib/libhusky_msgs__python.so" to ""
[5.778s] -- Installing: /home/gdaniel/husky_ws/install/husky_msgs/share/husky_msgs/msg/HuskyStatus.idl
[5.778s] -- Installing: /home/gdaniel/husky_ws/install/husky_msgs/share/husky_msgs/msg/HuskyStatus.msg
[5.779s] -- Installing: /home/gdaniel/husky_ws/install/husky_msgs/share/ament_index/resource_index/package_run_dependencies/husky_msgs
[5.779s] -- Installing: /home/gdaniel/husky_ws/install/husky_msgs/share/ament_index/resource_index/parent_prefix_path/husky_msgs
[5.779s] -- Installing: /home/gdaniel/husky_ws/install/husky_msgs/share/husky_msgs/environment/ament_prefix_path.sh
[5.779s] -- Installing: /home/gdaniel/husky_ws/install/husky_msgs/share/husky_msgs/environment/ament_prefix_path.dsv
[5.779s] -- Installing: /home/gdaniel/husky_ws/install/husky_msgs/share/husky_msgs/environment/path.sh
[5.780s] -- Installing: /home/gdaniel/husky_ws/install/husky_msgs/share/husky_msgs/environment/path.dsv
[5.780s] -- Installing: /home/gdaniel/husky_ws/install/husky_msgs/share/husky_msgs/local_setup.bash
[5.780s] -- Installing: /home/gdaniel/husky_ws/install/husky_msgs/share/husky_msgs/local_setup.sh
[5.780s] -- Installing: /home/gdaniel/husky_ws/install/husky_msgs/share/husky_msgs/local_setup.zsh
[5.780s] -- Installing: /home/gdaniel/husky_ws/install/husky_msgs/share/husky_msgs/local_setup.dsv
[5.780s] -- Installing: /home/gdaniel/husky_ws/install/husky_msgs/share/husky_msgs/package.dsv
[5.780s] -- Installing: /home/gdaniel/husky_ws/install/husky_msgs/share/ament_index/resource_index/packages/husky_msgs
[5.781s] -- Installing: /home/gdaniel/husky_ws/install/husky_msgs/share/husky_msgs/cmake/husky_msgs__rosidl_generator_cExport.cmake
[5.781s] -- Installing: /home/gdaniel/husky_ws/install/husky_msgs/share/husky_msgs/cmake/husky_msgs__rosidl_generator_cExport-noconfig.cmake
[5.781s] -- Installing: /home/gdaniel/husky_ws/install/husky_msgs/share/husky_msgs/cmake/husky_msgs__rosidl_typesupport_introspection_cExport.cmake
[5.781s] -- Installing: /home/gdaniel/husky_ws/install/husky_msgs/share/husky_msgs/cmake/husky_msgs__rosidl_typesupport_introspection_cExport-noconfig.cmake
[5.781s] -- Installing: /home/gdaniel/husky_ws/install/husky_msgs/share/husky_msgs/cmake/husky_msgs__rosidl_typesupport_cExport.cmake
[5.781s] -- Installing: /home/gdaniel/husky_ws/install/husky_msgs/share/husky_msgs/cmake/husky_msgs__rosidl_typesupport_cExport-noconfig.cmake
[5.781s] -- Installing: /home/gdaniel/husky_ws/install/husky_msgs/share/husky_msgs/cmake/husky_msgs__rosidl_generator_cppExport.cmake
[5.782s] -- Installing: /home/gdaniel/husky_ws/install/husky_msgs/share/husky_msgs/cmake/husky_msgs__rosidl_typesupport_introspection_cppExport.cmake
[5.782s] -- Installing: /home/gdaniel/husky_ws/install/husky_msgs/share/husky_msgs/cmake/husky_msgs__rosidl_typesupport_introspection_cppExport-noconfig.cmake
[5.782s] -- Installing: /home/gdaniel/husky_ws/install/husky_msgs/share/husky_msgs/cmake/husky_msgs__rosidl_typesupport_cppExport.cmake
[5.782s] -- Installing: /home/gdaniel/husky_ws/install/husky_msgs/share/husky_msgs/cmake/husky_msgs__rosidl_typesupport_cppExport-noconfig.cmake
[5.782s] -- Installing: /home/gdaniel/husky_ws/install/husky_msgs/share/husky_msgs/cmake/rosidl_cmake-extras.cmake
[5.782s] -- Installing: /home/gdaniel/husky_ws/install/husky_msgs/share/husky_msgs/cmake/ament_cmake_export_dependencies-extras.cmake
[5.782s] -- Installing: /home/gdaniel/husky_ws/install/husky_msgs/share/husky_msgs/cmake/ament_cmake_export_libraries-extras.cmake
[5.783s] -- Installing: /home/gdaniel/husky_ws/install/husky_msgs/share/husky_msgs/cmake/ament_cmake_export_targets-extras.cmake
[5.783s] -- Installing: /home/gdaniel/husky_ws/install/husky_msgs/share/husky_msgs/cmake/ament_cmake_export_include_directories-extras.cmake
[5.783s] -- Installing: /home/gdaniel/husky_ws/install/husky_msgs/share/husky_msgs/cmake/rosidl_cmake_export_typesupport_libraries-extras.cmake
[5.783s] -- Installing: /home/gdaniel/husky_ws/install/husky_msgs/share/husky_msgs/cmake/rosidl_cmake_export_typesupport_targets-extras.cmake
[5.783s] -- Installing: /home/gdaniel/husky_ws/install/husky_msgs/share/husky_msgs/cmake/husky_msgsConfig.cmake
[5.783s] -- Installing: /home/gdaniel/husky_ws/install/husky_msgs/share/husky_msgs/cmake/husky_msgsConfig-version.cmake
[5.783s] -- Installing: /home/gdaniel/husky_ws/install/husky_msgs/share/husky_msgs/package.xml
[5.785s] Invoked command in '/home/gdaniel/husky_ws/build/husky_msgs' returned '0': CMAKE_PREFIX_PATH=${CMAKE_PREFIX_PATH}:/home/gdaniel/mestrado_ws/install/husky_desktop:/home/gdaniel/mestrado_ws/install/husky_viz:/home/gdaniel/mestrado_ws/install/husky_simulator:/home/gdaniel/mestrado_ws/install/husky_robot:/home/gdaniel/mestrado_ws/install/husky_bringup:/home/gdaniel/mestrado_ws/install/husky_base:/home/gdaniel/mestrado_ws/install/husky_msgs:/home/gdaniel/mestrado_ws/install/husky_gazebo:/home/gdaniel/mestrado_ws/install/husky_control:/home/gdaniel/mestrado_ws/install/husky_description:/home/gdaniel/husky_ws/install/husky_desktop:/home/gdaniel/husky_ws/install/husky_viz:/home/gdaniel/husky_ws/install/husky_simulator:/home/gdaniel/husky_ws/install/husky_robot:/home/gdaniel/husky_ws/install/husky_bringup:/home/gdaniel/husky_ws/install/husky_base:/home/gdaniel/husky_ws/install/husky_msgs:/home/gdaniel/husky_ws/install/husky_gazebo:/home/gdaniel/husky_ws/install/husky_control:/home/gdaniel/husky_ws/install/husky_description:/opt/ros/foxy /usr/bin/cmake --install /home/gdaniel/husky_ws/build/husky_msgs
